[2024-10-25 12:50:08,856]  INFO {org.wso2.config.mapper.ConfigParser} - Overriding files in configuration directory /home/wso2carbon/wso2mi-4.2.0
[2024-10-25 12:50:09,445]  INFO {org.wso2.config.mapper.ConfigParser} - Applying configurations with deployment configurations
[2024-10-25 12:50:24,946]  INFO {RuntimeStatisticCollector} - Statistics Entry Expiration time set to 136000 milliseconds
[2024-10-25 12:50:26,345]  INFO {EndpointDeployer} - Endpoint named 'putCardStatus_EP' has been deployed from file : /home/wso2carbon/wso2mi-4.2.0/tmp/carbonapps/-1234/1729849826217CardManagementCompositeExporter_1.0.0-SNAPSHOT.car/putCardStatus_EP_1.0.0/putCardStatus_EP-1.0.0.xml
[2024-10-25 12:50:26,351]  INFO {EndpointDeployer} - Endpoint named 'getCardLimit_EP' has been deployed from file : /home/wso2carbon/wso2mi-4.2.0/tmp/carbonapps/-1234/1729849826217CardManagementCompositeExporter_1.0.0-SNAPSHOT.car/getCardLimit_EP_1.0.0/getCardLimit_EP-1.0.0.xml
[2024-10-25 12:50:26,353]  INFO {EndpointDeployer} - Endpoint named 'resetCardPin_EP' has been deployed from file : /home/wso2carbon/wso2mi-4.2.0/tmp/carbonapps/-1234/1729849826217CardManagementCompositeExporter_1.0.0-SNAPSHOT.car/resetCardPin_EP_1.0.0/resetCardPin_EP-1.0.0.xml
[2024-10-25 12:50:26,354]  INFO {EndpointDeployer} - Endpoint named 'retrieveCardStatus_EP' has been deployed from file : /home/wso2carbon/wso2mi-4.2.0/tmp/carbonapps/-1234/1729849826217CardManagementCompositeExporter_1.0.0-SNAPSHOT.car/retrieveCardStatus_EP_1.0.0/retrieveCardStatus_EP-1.0.0.xml
[2024-10-25 12:50:26,355]  INFO {EndpointDeployer} - Endpoint named 'activateCard_EP' has been deployed from file : /home/wso2carbon/wso2mi-4.2.0/tmp/carbonapps/-1234/1729849826217CardManagementCompositeExporter_1.0.0-SNAPSHOT.car/activateCard_EP_1.0.0/activateCard_EP-1.0.0.xml
[2024-10-25 12:50:26,356]  INFO {EndpointDeployer} - Endpoint named 'statusOfApiByCountry_EP' has been deployed from file : /home/wso2carbon/wso2mi-4.2.0/tmp/carbonapps/-1234/1729849826217CardManagementCompositeExporter_1.0.0-SNAPSHOT.car/statusOfApiByCountry_EP_1.0.0/statusOfApiByCountry_EP-1.0.0.xml
[2024-10-25 12:50:26,357]  INFO {EndpointDeployer} - Endpoint named 'retrieveCardsByActNo_EP' has been deployed from file : /home/wso2carbon/wso2mi-4.2.0/tmp/carbonapps/-1234/1729849826217CardManagementCompositeExporter_1.0.0-SNAPSHOT.car/retrieveCardsByActNo_EP_1.0.0/retrieveCardsByActNo_EP-1.0.0.xml
[2024-10-25 12:50:26,359]  INFO {EndpointDeployer} - Endpoint named 'patchCardLimit' has been deployed from file : /home/wso2carbon/wso2mi-4.2.0/tmp/carbonapps/-1234/1729849826217CardManagementCompositeExporter_1.0.0-SNAPSHOT.car/patchCardLimit_1.0.0/patchCardLimit-1.0.0.xml
[2024-10-25 12:50:26,435]  INFO {SequenceDeployer} - Sequence named 'CardManagenetFaultSeq' has been deployed from file : /home/wso2carbon/wso2mi-4.2.0/tmp/carbonapps/-1234/1729849826217CardManagementCompositeExporter_1.0.0-SNAPSHOT.car/CardManagenetFaultSeq_1.0.0/CardManagenetFaultSeq-1.0.0.xml
[2024-10-25 12:50:26,533]  INFO {API} - {api:resetCardPin} Initializing API: resetCardPin
[2024-10-25 12:50:26,533]  INFO {Axis2SynapseEnvironment} - Continuation call is set to true
[2024-10-25 12:50:26,537]  INFO {APIDeployer} - API named 'resetCardPin' has been deployed from file : /home/wso2carbon/wso2mi-4.2.0/tmp/carbonapps/-1234/1729849826217CardManagementCompositeExporter_1.0.0-SNAPSHOT.car/resetCardPin_1.0.0/resetCardPin-1.0.0.xml
[2024-10-25 12:50:26,542]  INFO {API} - {api:Activatecard} Initializing API: Activatecard
[2024-10-25 12:50:26,543]  INFO {APIDeployer} - API named 'Activatecard' has been deployed from file : /home/wso2carbon/wso2mi-4.2.0/tmp/carbonapps/-1234/1729849826217CardManagementCompositeExporter_1.0.0-SNAPSHOT.car/Activatecard_1.0.0/Activatecard-1.0.0.xml
[2024-10-25 12:50:26,625]  INFO {API} - {api:retrieveCardStatus} Initializing API: retrieveCardStatus
[2024-10-25 12:50:26,626]  INFO {APIDeployer} - API named 'retrieveCardStatus' has been deployed from file : /home/wso2carbon/wso2mi-4.2.0/tmp/carbonapps/-1234/1729849826217CardManagementCompositeExporter_1.0.0-SNAPSHOT.car/retrieveCardStatus_1.0.0/retrieveCardStatus-1.0.0.xml
[2024-10-25 12:50:26,651]  INFO {API} - {api:getCardLimit} Initializing API: getCardLimit
[2024-10-25 12:50:26,651]  INFO {APIDeployer} - API named 'getCardLimit' has been deployed from file : /home/wso2carbon/wso2mi-4.2.0/tmp/carbonapps/-1234/1729849826217CardManagementCompositeExporter_1.0.0-SNAPSHOT.car/getCardLimit_1.0.0/getCardLimit-1.0.0.xml
[2024-10-25 12:50:26,713]  INFO {API} - {api:statusOfApiByCountry} Initializing API: statusOfApiByCountry
[2024-10-25 12:50:26,714]  INFO {APIDeployer} - API named 'statusOfApiByCountry' has been deployed from file : /home/wso2carbon/wso2mi-4.2.0/tmp/carbonapps/-1234/1729849826217CardManagementCompositeExporter_1.0.0-SNAPSHOT.car/statusOfApiByCountry_1.0.0/statusOfApiByCountry-1.0.0.xml
[2024-10-25 12:50:26,725]  INFO {API} - {api:retrieveCardsbyAccountNo} Initializing API: retrieveCardsbyAccountNo
[2024-10-25 12:50:26,725]  INFO {APIDeployer} - API named 'retrieveCardsbyAccountNo' has been deployed from file : /home/wso2carbon/wso2mi-4.2.0/tmp/carbonapps/-1234/1729849826217CardManagementCompositeExporter_1.0.0-SNAPSHOT.car/retrieveCardsbyAccountNo_1.0.0/retrieveCardsbyAccountNo-1.0.0.xml
[2024-10-25 12:50:26,726]  INFO {CappDeployer} - Successfully Deployed Carbon Application : CardManagementCompositeExporter_1.0.0-SNAPSHOT{super-tenant}
[2024-10-25 12:50:26,727]  INFO {ServiceCatalogDeployer} - Executing Service Catalog deployer for CApp : CardManagementCompositeExporter_1.0.0-SNAPSHOT.car
[2024-10-25 12:50:26,733]  INFO {SequenceDeployer} - Sequence named 'secondaryFlow' has been deployed from file : /home/wso2carbon/wso2mi-4.2.0/tmp/carbonapps/-1234/1729849826727ContentBasedRoutingApplicationCompositeExporter_1.0.0.car/secondaryFlow_1.0.0/secondaryFlow-1.0.0.xml
[2024-10-25 12:50:26,734]  INFO {SequenceDeployer} - Sequence named 'firstSubFlow' has been deployed from file : /home/wso2carbon/wso2mi-4.2.0/tmp/carbonapps/-1234/1729849826727ContentBasedRoutingApplicationCompositeExporter_1.0.0.car/firstSubFlow_1.0.0/firstSubFlow-1.0.0.xml
[2024-10-25 12:50:26,734]  INFO {SequenceDeployer} - Sequence named 'secondSubFlow' has been deployed from file : /home/wso2carbon/wso2mi-4.2.0/tmp/carbonapps/-1234/1729849826727ContentBasedRoutingApplicationCompositeExporter_1.0.0.car/secondSubFlow_1.0.0/secondSubFlow-1.0.0.xml
[2024-10-25 12:50:26,735]  INFO {SequenceDeployer} - Sequence named 'ErrorHandling' has been deployed from file : /home/wso2carbon/wso2mi-4.2.0/tmp/carbonapps/-1234/1729849826727ContentBasedRoutingApplicationCompositeExporter_1.0.0.car/ErrorHandling_1.0.0/ErrorHandling-1.0.0.xml
[2024-10-25 12:50:26,820]  INFO {API} - {api:business-logic} Initializing API: business-logic
[2024-10-25 12:50:26,821]  INFO {APIDeployer} - API named 'business-logic' has been deployed from file : /home/wso2carbon/wso2mi-4.2.0/tmp/carbonapps/-1234/1729849826727ContentBasedRoutingApplicationCompositeExporter_1.0.0.car/business-logic_1.0.0/business-logic-1.0.0.xml
[2024-10-25 12:50:26,822]  INFO {CappDeployer} - Successfully Deployed Carbon Application : ContentBasedRoutingApplicationCompositeExporter_1.0.0{super-tenant}
[2024-10-25 12:50:26,822]  INFO {ServiceCatalogDeployer} - Executing Service Catalog deployer for CApp : ContentBasedRoutingApplicationCompositeExporter_1.0.0.car
[2024-10-25 12:50:26,837]  INFO {LocalEntryDeployer} - LocalEntry named 'loanscustomerImagelocalentry' has been deployed from file : /home/wso2carbon/wso2mi-4.2.0/tmp/carbonapps/-1234/1729849826822LoansCustomerImageManagerCompositeExporter_1.0.0-SNAPSHOT.car/loanscustomerImagelocalentry_1.0.0/loanscustomerImagelocalentry-1.0.0.xml
[2024-10-25 12:50:26,838]  INFO {EndpointDeployer} - Endpoint named 'LoansCustomerImageManager_Ep' has been deployed from file : /home/wso2carbon/wso2mi-4.2.0/tmp/carbonapps/-1234/1729849826822LoansCustomerImageManagerCompositeExporter_1.0.0-SNAPSHOT.car/LoansCustomerImageManager_Ep_1.0.0/LoansCustomerImageManager_Ep-1.0.0.xml
[2024-10-25 12:50:26,922]  INFO {SequenceDeployer} - Sequence named 'LoansCustomerImageManagerOutSequence' has been deployed from file : /home/wso2carbon/wso2mi-4.2.0/tmp/carbonapps/-1234/1729849826822LoansCustomerImageManagerCompositeExporter_1.0.0-SNAPSHOT.car/LoansCustomerImageManagerOutSequence_1.0.0/LoansCustomerImageManagerOutSequence-1.0.0.xml
[2024-10-25 12:50:26,928]  INFO {SequenceDeployer} - Sequence named 'LoaansCustomerImageManagerFaultSequence' has been deployed from file : /home/wso2carbon/wso2mi-4.2.0/tmp/carbonapps/-1234/1729849826822LoansCustomerImageManagerCompositeExporter_1.0.0-SNAPSHOT.car/LoaansCustomerImageManagerFaultSequence_1.0.0/LoaansCustomerImageManagerFaultSequence-1.0.0.xml
[2024-10-25 12:50:27,819]  INFO {SequenceDeployer} - Sequence named 'InquireCustomerImageManagerInSequence' has been deployed from file : /home/wso2carbon/wso2mi-4.2.0/tmp/carbonapps/-1234/1729849826822LoansCustomerImageManagerCompositeExporter_1.0.0-SNAPSHOT.car/InquireCustomerImageManagerInSequence_1.0.0/InquireCustomerImageManagerInSequence-1.0.0.xml
[2024-10-25 12:50:28,129] ERROR {ServiceCatalogUtils} - Could not create temporary files
[2024-10-25 12:50:28,428]  INFO {API} - {api:LoansCustomerImageManagerAPI} Initializing API: LoansCustomerImageManagerAPI
[2024-10-25 12:50:28,530]  INFO {APIDeployer} - API named 'LoansCustomerImageManagerAPI' has been deployed from file : /home/wso2carbon/wso2mi-4.2.0/tmp/carbonapps/-1234/1729849826822LoansCustomerImageManagerCompositeExporter_1.0.0-SNAPSHOT.car/InquireCustomerImage_1.0.0/InquireCustomerImage-1.0.0.xml
[2024-10-25 12:50:28,530]  INFO {CappDeployer} - Successfully Deployed Carbon Application : LoansCustomerImageManagerCompositeExporter_1.0.0-SNAPSHOT{super-tenant}
[2024-10-25 12:50:28,531]  INFO {ServiceCatalogDeployer} - Executing Service Catalog deployer for CApp : LoansCustomerImageManagerCompositeExporter_1.0.0-SNAPSHOT.car
[2024-10-25 12:50:28,730]  INFO {EndpointDeployer} - Endpoint named 'LoansPaymentManagerEndpoint' has been deployed from file : /home/wso2carbon/wso2mi-4.2.0/tmp/carbonapps/-1234/1729849828531LoansPaymentManagerCompositeExporter_1.0.0.car/LoansPaymentManagerEndpoint_1.0.0/LoansPaymentManagerEndpoint-1.0.0.xml
[2024-10-25 12:50:28,818]  INFO {SequenceDeployer} - Sequence named 'LoansPaymentOutSequence' has been deployed from file : /home/wso2carbon/wso2mi-4.2.0/tmp/carbonapps/-1234/1729849828531LoansPaymentManagerCompositeExporter_1.0.0.car/LoansPaymentOutSequence_1.0.0/LoansPaymentOutSequence-1.0.0.xml
[2024-10-25 12:50:28,826]  INFO {SequenceDeployer} - Sequence named 'LoansPaymentFaultSequence' has been deployed from file : /home/wso2carbon/wso2mi-4.2.0/tmp/carbonapps/-1234/1729849828531LoansPaymentManagerCompositeExporter_1.0.0.car/LoansPaymentFaultSequence_1.0.0/LoansPaymentFaultSequence-1.0.0.xml
[2024-10-25 12:50:28,898]  INFO {ServiceCatalogUtils} - Successfully updated the service catalog
[2024-10-25 12:50:29,116]  INFO {SequenceDeployer} - Sequence named 'DoDisbursementProcessingForIslamic' has been deployed from file : /home/wso2carbon/wso2mi-4.2.0/tmp/carbonapps/-1234/1729849828531LoansPaymentManagerCompositeExporter_1.0.0.car/DoDisbursementProcessingForIslamic_1.0.0/DoDisbursementProcessingForIslamic-1.0.0.xml
[2024-10-25 12:50:29,232]  INFO {SequenceDeployer} - Sequence named 'DoDisbursementProcessingForIBOCInSequence' has been deployed from file : /home/wso2carbon/wso2mi-4.2.0/tmp/carbonapps/-1234/1729849828531LoansPaymentManagerCompositeExporter_1.0.0.car/DoDisbursementProcessingForIBOCInSequence_1.0.0/DoDisbursementProcessingForIBOCInSequence-1.0.0.xml
[2024-10-25 12:50:29,234]  INFO {SequenceDeployer} - Sequence named 'InquireDeductionDetailsInSequence' has been deployed from file : /home/wso2carbon/wso2mi-4.2.0/tmp/carbonapps/-1234/1729849828531LoansPaymentManagerCompositeExporter_1.0.0.car/InquireDeductionDetailsInSequence_1.0.0/InquireDeductionDetailsInSequence-1.0.0.xml
[2024-10-25 12:50:29,235]  INFO {API} - {api:LoansPaymentManagerAPI} Initializing API: LoansPaymentManagerAPI
[2024-10-25 12:50:29,235]  INFO {APIDeployer} - API named 'LoansPaymentManagerAPI' has been deployed from file : /home/wso2carbon/wso2mi-4.2.0/tmp/carbonapps/-1234/1729849828531LoansPaymentManagerCompositeExporter_1.0.0.car/LoansPaymentManagerAPI_1.0.0/LoansPaymentManagerAPI-1.0.0.xml
[2024-10-25 12:50:29,236]  INFO {CappDeployer} - Successfully Deployed Carbon Application : LoansPaymentManagerCompositeExporter_1.0.0{super-tenant}
[2024-10-25 12:50:29,236]  INFO {ServiceCatalogDeployer} - Executing Service Catalog deployer for CApp : LoansPaymentManagerCompositeExporter_1.0.0.car
[2024-10-25 12:50:29,318]  INFO {EndpointDeployer} - Endpoint named 'PartialPayoff_EP' has been deployed from file : /home/wso2carbon/wso2mi-4.2.0/tmp/carbonapps/-1234/1729849829236NBLLoansCompositeExporter_1.0.0-SNAPSHOT.car/PartialPayoff_EP_1.0.0/PartialPayoff_EP-1.0.0.xml
[2024-10-25 12:50:29,420]  INFO {API} - {api:PartialPayoffAPI} Initializing API: PartialPayoffAPI
[2024-10-25 12:50:29,421]  INFO {APIDeployer} - API named 'PartialPayoffAPI' has been deployed from file : /home/wso2carbon/wso2mi-4.2.0/tmp/carbonapps/-1234/1729849829236NBLLoansCompositeExporter_1.0.0-SNAPSHOT.car/PartialPayoffAPI_1.0.0/PartialPayoffAPI-1.0.0.xml
[2024-10-25 12:50:29,422]  INFO {CappDeployer} - Successfully Deployed Carbon Application : NBLLoansCompositeExporter_1.0.0-SNAPSHOT{super-tenant}
[2024-10-25 12:50:29,422]  INFO {ServiceCatalogDeployer} - Executing Service Catalog deployer for CApp : NBLLoansCompositeExporter_1.0.0-SNAPSHOT.car
[2024-10-25 12:50:29,456]  INFO {ServiceCatalogUtils} - Successfully updated the service catalog
[2024-10-25 12:50:29,516]  INFO {LocalEntryDeployer} - LocalEntry named 'partialpayOffShema' has been deployed from file : /home/wso2carbon/wso2mi-4.2.0/tmp/carbonapps/-1234/1729849829422PayInstallmentCompositeExporter_1.0.0-SNAPSHOT.car/partialpayOffShema_1.0.0/partialpayOffShema-1.0.0.xml
[2024-10-25 12:50:29,518]  INFO {EndpointDeployer} - Endpoint named 'PayInstalment' has been deployed from file : /home/wso2carbon/wso2mi-4.2.0/tmp/carbonapps/-1234/1729849829422PayInstallmentCompositeExporter_1.0.0-SNAPSHOT.car/PayInstalment_1.0.0/PayInstalment-1.0.0.xml
[2024-10-25 12:50:29,520]  INFO {SequenceDeployer} - Sequence named 'PayInstalmentInSequence' has been deployed from file : /home/wso2carbon/wso2mi-4.2.0/tmp/carbonapps/-1234/1729849829422PayInstallmentCompositeExporter_1.0.0-SNAPSHOT.car/PayInstalmentInSequence_1.0.0/PayInstalmentInSequence-1.0.0.xml
[2024-10-25 12:50:29,529]  INFO {SequenceDeployer} - Sequence named 'PayInstalmentOutSequence' has been deployed from file : /home/wso2carbon/wso2mi-4.2.0/tmp/carbonapps/-1234/1729849829422PayInstallmentCompositeExporter_1.0.0-SNAPSHOT.car/PayInstalmentOutSequence_1.0.0/PayInstalmentOutSequence-1.0.0.xml
[2024-10-25 12:50:29,616]  INFO {SequenceDeployer} - Sequence named 'PayInstalmentFaultSequence' has been deployed from file : /home/wso2carbon/wso2mi-4.2.0/tmp/carbonapps/-1234/1729849829422PayInstallmentCompositeExporter_1.0.0-SNAPSHOT.car/PayInstalmentFaultSequence_1.0.0/PayInstalmentFaultSequence-1.0.0.xml
[2024-10-25 12:50:29,718]  INFO {API} - {api:PayInstalmentAPI} Initializing API: PayInstalmentAPI
[2024-10-25 12:50:29,720]  INFO {APIDeployer} - API named 'PayInstalmentAPI' has been deployed from file : /home/wso2carbon/wso2mi-4.2.0/tmp/carbonapps/-1234/1729849829422PayInstallmentCompositeExporter_1.0.0-SNAPSHOT.car/PayInstalmentAPI_1.0.0/PayInstalmentAPI-1.0.0.xml
[2024-10-25 12:50:29,721]  INFO {CappDeployer} - Successfully Deployed Carbon Application : PayInstallmentCompositeExporter_1.0.0-SNAPSHOT{super-tenant}
[2024-10-25 12:50:29,722]  INFO {ServiceCatalogDeployer} - Executing Service Catalog deployer for CApp : PayInstallmentCompositeExporter_1.0.0-SNAPSHOT.car
[2024-10-25 12:50:29,918] ERROR {ServiceCatalogUtils} - Could not create temporary files
[2024-10-25 12:50:30,026] ERROR {ServiceCatalogUtils} - Could not create temporary files
[2024-10-25 12:50:30,219]  INFO {ServiceCatalogUtils} - Successfully updated the service catalog
[2024-10-25 12:50:30,318]  INFO {EndpointDeployer} - Endpoint named 'BillPaymentManagerSpiSoapEP' has been deployed from file : /home/wso2carbon/wso2mi-4.2.0/tmp/carbonapps/-1234/1729849829721WSO2MI-NBC-FCRCompositeExporter_1.0.0-SNAPSHOT.car/BillPaymentManagerSpiSoapEP_1.0.0/BillPaymentManagerSpiSoapEP-1.0.0.xml
[2024-10-25 12:50:30,319]  INFO {EndpointDeployer} - Endpoint named 'CurrencyRateManagerSpiEP' has been deployed from file : /home/wso2carbon/wso2mi-4.2.0/tmp/carbonapps/-1234/1729849829721WSO2MI-NBC-FCRCompositeExporter_1.0.0-SNAPSHOT.car/CurrencyRateManagerSpiEP_1.0.0/CurrencyRateManagerSpiEP-1.0.0.xml
[2024-10-25 12:50:30,322]  INFO {EndpointDeployer} - Endpoint named 'CustomerManagerSpiSoapEP' has been deployed from file : /home/wso2carbon/wso2mi-4.2.0/tmp/carbonapps/-1234/1729849829721WSO2MI-NBC-FCRCompositeExporter_1.0.0-SNAPSHOT.car/CustomerManagerSpiSoapEP_1.0.0/CustomerManagerSpiSoapEP-1.0.0.xml
[2024-10-25 12:50:30,324]  INFO {EndpointDeployer} - Endpoint named 'DemandDepositInstructionManagerSpiSoapEP' has been deployed from file : /home/wso2carbon/wso2mi-4.2.0/tmp/carbonapps/-1234/1729849829721WSO2MI-NBC-FCRCompositeExporter_1.0.0-SNAPSHOT.car/DemandDepositInstructionManagerSpiSoapEP_1.0.0/DemandDepositInstructionManagerSpiSoapEP-1.0.0.xml
[2024-10-25 12:50:30,326]  INFO {EndpointDeployer} - Endpoint named 'DemandDepositMaintenanceSpiEP' has been deployed from file : /home/wso2carbon/wso2mi-4.2.0/tmp/carbonapps/-1234/1729849829721WSO2MI-NBC-FCRCompositeExporter_1.0.0-SNAPSHOT.car/DemandDepositMaintenanceSpiEP_1.0.0/DemandDepositMaintenanceSpiEP-1.0.0.xml
[2024-10-25 12:50:30,328]  INFO {EndpointDeployer} - Endpoint named 'DemandDepositManagerSpiSoapEP' has been deployed from file : /home/wso2carbon/wso2mi-4.2.0/tmp/carbonapps/-1234/1729849829721WSO2MI-NBC-FCRCompositeExporter_1.0.0-SNAPSHOT.car/DemandDepositManagerSpiSoapEP_1.0.0/DemandDepositManagerSpiSoapEP-1.0.0.xml
[2024-10-25 12:50:30,330]  INFO {EndpointDeployer} - Endpoint named 'DemandDepositStatementManagerSpiEP' has been deployed from file : /home/wso2carbon/wso2mi-4.2.0/tmp/carbonapps/-1234/1729849829721WSO2MI-NBC-FCRCompositeExporter_1.0.0-SNAPSHOT.car/DemandDepositStatementManagerSpiEP_1.0.0/DemandDepositStatementManagerSpiEP-1.0.0.xml
[2024-10-25 12:50:30,331]  INFO {SequenceDeployer} - Sequence named 'ActivateDeactivateAccountInSequence' has been deployed from file : /home/wso2carbon/wso2mi-4.2.0/tmp/carbonapps/-1234/1729849829721WSO2MI-NBC-FCRCompositeExporter_1.0.0-SNAPSHOT.car/ActivateDeactivateAccountInSequence_1.0.0/ActivateDeactivateAccountInSequence-1.0.0.xml
[2024-10-25 12:50:30,332]  INFO {SequenceDeployer} - Sequence named 'AddCustomerInSequence' has been deployed from file : /home/wso2carbon/wso2mi-4.2.0/tmp/carbonapps/-1234/1729849829721WSO2MI-NBC-FCRCompositeExporter_1.0.0-SNAPSHOT.car/AddCustomerInSequence_1.0.0/AddCustomerInSequence-1.0.0.xml
[2024-10-25 12:50:30,334]  INFO {SequenceDeployer} - Sequence named 'AddStandingInstructionInSequence' has been deployed from file : /home/wso2carbon/wso2mi-4.2.0/tmp/carbonapps/-1234/1729849829721WSO2MI-NBC-FCRCompositeExporter_1.0.0-SNAPSHOT.car/AddStandingInstructionInSequence_1.0.0/AddStandingInstructionInSequence-1.0.0.xml
[2024-10-25 12:50:30,335]  INFO {SequenceDeployer} - Sequence named 'ConvertAmountWithFromToCurrencyInSequence' has been deployed from file : /home/wso2carbon/wso2mi-4.2.0/tmp/carbonapps/-1234/1729849829721WSO2MI-NBC-FCRCompositeExporter_1.0.0-SNAPSHOT.car/ConvertAmountWithFromToCurrencyInSequence_1.0.0/ConvertAmountWithFromToCurrencyInSequence-1.0.0.xml
[2024-10-25 12:50:30,336]  INFO {SequenceDeployer} - Sequence named 'CreateNewAccountInSequence' has been deployed from file : /home/wso2carbon/wso2mi-4.2.0/tmp/carbonapps/-1234/1729849829721WSO2MI-NBC-FCRCompositeExporter_1.0.0-SNAPSHOT.car/CreateNewAccountInSequence_1.0.0/CreateNewAccountInSequence-1.0.0.xml
[2024-10-25 12:50:30,338]  INFO {SequenceDeployer} - Sequence named 'DeleteStandingInstructionInSequence' has been deployed from file : /home/wso2carbon/wso2mi-4.2.0/tmp/carbonapps/-1234/1729849829721WSO2MI-NBC-FCRCompositeExporter_1.0.0-SNAPSHOT.car/DeleteStandingInstructionInSequence_1.0.0/DeleteStandingInstructionInSequence-1.0.0.xml
[2024-10-25 12:50:30,339]  INFO {SequenceDeployer} - Sequence named 'DomesticTransferFundsWithDRCRAmountInSequence' has been deployed from file : /home/wso2carbon/wso2mi-4.2.0/tmp/carbonapps/-1234/1729849829721WSO2MI-NBC-FCRCompositeExporter_1.0.0-SNAPSHOT.car/DomesticTransferFundsWithDRCRAmountInSequence_1.0.0/DomesticTransferFundsWithDRCRAmountInSequence-1.0.0.xml
[2024-10-25 12:50:30,339]  INFO {SequenceDeployer} - Sequence named 'InquireBillWalletRtgsTxnsInSequence' has been deployed from file : /home/wso2carbon/wso2mi-4.2.0/tmp/carbonapps/-1234/1729849829721WSO2MI-NBC-FCRCompositeExporter_1.0.0-SNAPSHOT.car/InquireBillWalletRtgsTxnsInSequence_1.0.0/InquireBillWalletRtgsTxnsInSequence-1.0.0.xml
[2024-10-25 12:50:30,340]  INFO {SequenceDeployer} - Sequence named 'InquireForMaintenanceInSequence' has been deployed from file : /home/wso2carbon/wso2mi-4.2.0/tmp/carbonapps/-1234/1729849829721WSO2MI-NBC-FCRCompositeExporter_1.0.0-SNAPSHOT.car/InquireForMaintenanceInSequence_1.0.0/InquireForMaintenanceInSequence-1.0.0.xml
[2024-10-25 12:50:30,341]  INFO {SequenceDeployer} - Sequence named 'InquireInSequence' has been deployed from file : /home/wso2carbon/wso2mi-4.2.0/tmp/carbonapps/-1234/1729849829721WSO2MI-NBC-FCRCompositeExporter_1.0.0-SNAPSHOT.car/InquireInSequence_1.0.0/InquireInSequence-1.0.0.xml
[2024-10-25 12:50:30,342]  INFO {SequenceDeployer} - Sequence named 'InquireListOfTransactionInSequence' has been deployed from file : /home/wso2carbon/wso2mi-4.2.0/tmp/carbonapps/-1234/1729849829721WSO2MI-NBC-FCRCompositeExporter_1.0.0-SNAPSHOT.car/InquireListOfTransactionInSequence_1.0.0/InquireListOfTransactionInSequence-1.0.0.xml
[2024-10-25 12:50:30,342]  INFO {SequenceDeployer} - Sequence named 'ListCASAAccountDetailsInSequence' has been deployed from file : /home/wso2carbon/wso2mi-4.2.0/tmp/carbonapps/-1234/1729849829721WSO2MI-NBC-FCRCompositeExporter_1.0.0-SNAPSHOT.car/ListCASAAccountDetailsInSequence_1.0.0/ListCASAAccountDetailsInSequence-1.0.0.xml
[2024-10-25 12:50:30,343]  INFO {SequenceDeployer} - Sequence named 'MisCustDebitWithDRCRAmtDepDtlsInSequence' has been deployed from file : /home/wso2carbon/wso2mi-4.2.0/tmp/carbonapps/-1234/1729849829721WSO2MI-NBC-FCRCompositeExporter_1.0.0-SNAPSHOT.car/MisCustDebitWithDRCRAmtDepDtlsInSequence_1.0.0/MisCustDebitWithDRCRAmtDepDtlsInSequence-1.0.0.xml
[2024-10-25 12:50:30,344]  INFO {SequenceDeployer} - Sequence named 'ModifyStandingInstructionInSequence' has been deployed from file : /home/wso2carbon/wso2mi-4.2.0/tmp/carbonapps/-1234/1729849829721WSO2MI-NBC-FCRCompositeExporter_1.0.0-SNAPSHOT.car/ModifyStandingInstructionInSequence_1.0.0/ModifyStandingInstructionInSequence-1.0.0.xml
[2024-10-25 12:50:30,345]  INFO {SequenceDeployer} - Sequence named 'PayUtilityBillByAccountInSequence' has been deployed from file : /home/wso2carbon/wso2mi-4.2.0/tmp/carbonapps/-1234/1729849829721WSO2MI-NBC-FCRCompositeExporter_1.0.0-SNAPSHOT.car/PayUtilityBillByAccountInSequence_1.0.0/PayUtilityBillByAccountInSequence-1.0.0.xml
[2024-10-25 12:50:30,345]  INFO {SequenceDeployer} - Sequence named 'PayUtilityBillByAccountTIPSInSequence' has been deployed from file : /home/wso2carbon/wso2mi-4.2.0/tmp/carbonapps/-1234/1729849829721WSO2MI-NBC-FCRCompositeExporter_1.0.0-SNAPSHOT.car/PayUtilityBillByAccountTIPSInSequence_1.0.0/PayUtilityBillByAccountTIPSInSequence-1.0.0.xml
[2024-10-25 12:50:30,346]  INFO {SequenceDeployer} - Sequence named 'RequestChequeBookInSequence' has been deployed from file : /home/wso2carbon/wso2mi-4.2.0/tmp/carbonapps/-1234/1729849829721WSO2MI-NBC-FCRCompositeExporter_1.0.0-SNAPSHOT.car/RequestChequeBookInSequence_1.0.0/RequestChequeBookInSequence-1.0.0.xml
[2024-10-25 12:50:30,347]  INFO {SequenceDeployer} - Sequence named 'TransferFundsWithDRCRAmountInSequence' has been deployed from file : /home/wso2carbon/wso2mi-4.2.0/tmp/carbonapps/-1234/1729849829721WSO2MI-NBC-FCRCompositeExporter_1.0.0-SNAPSHOT.car/TransferFundsWithDRCRAmountInSequence_1.0.0/TransferFundsWithDRCRAmountInSequence-1.0.0.xml
[2024-10-25 12:50:30,414]  INFO {SequenceDeployer} - Sequence named 'UpdateAccountStatusForCASAInSequence' has been deployed from file : /home/wso2carbon/wso2mi-4.2.0/tmp/carbonapps/-1234/1729849829721WSO2MI-NBC-FCRCompositeExporter_1.0.0-SNAPSHOT.car/UpdateAccountStatusForCASAInSequence_1.0.0/UpdateAccountStatusForCASAInSequence-1.0.0.xml
[2024-10-25 12:50:30,428]  INFO {SequenceDeployer} - Sequence named 'WSO2MINBCFCRFaultSequence' has been deployed from file : /home/wso2carbon/wso2mi-4.2.0/tmp/carbonapps/-1234/1729849829721WSO2MI-NBC-FCRCompositeExporter_1.0.0-SNAPSHOT.car/WSO2MINBCFCRFaultSequence_1.0.0/WSO2MINBCFCRFaultSequence-1.0.0.xml
[2024-10-25 12:50:30,429]  INFO {SequenceDeployer} - Sequence named 'WSO2MINBCOutSequence' has been deployed from file : /home/wso2carbon/wso2mi-4.2.0/tmp/carbonapps/-1234/1729849829721WSO2MI-NBC-FCRCompositeExporter_1.0.0-SNAPSHOT.car/WSO2MINBCOutSequence_1.0.0/WSO2MINBCOutSequence-1.0.0.xml
[2024-10-25 12:50:30,431]  INFO {API} - {api:FCRAPI} Initializing API: FCRAPI
[2024-10-25 12:50:30,432]  INFO {APIDeployer} - API named 'FCRAPI' has been deployed from file : /home/wso2carbon/wso2mi-4.2.0/tmp/carbonapps/-1234/1729849829721WSO2MI-NBC-FCRCompositeExporter_1.0.0-SNAPSHOT.car/FCRAPI_1.0.0/FCRAPI-1.0.0.xml
[2024-10-25 12:50:30,432]  INFO {CappDeployer} - Successfully Deployed Carbon Application : WSO2MI-NBC-FCRCompositeExporter_1.0.0-SNAPSHOT{super-tenant}
[2024-10-25 12:50:30,433]  INFO {ServiceCatalogDeployer} - Executing Service Catalog deployer for CApp : WSO2MI-NBC-FCRCompositeExporter_1.0.0-SNAPSHOT.car
[2024-10-25 12:50:30,537]  INFO {EndpointDeployer} - Endpoint named 'CustomerImageManagerSpiEP' has been deployed from file : /home/wso2carbon/wso2mi-4.2.0/tmp/carbonapps/-1234/1729849830433WSO2MIAccountOpeningFCRCompositeExporter_1.0.0.car/CustomerImageManagerSpiEP_1.0.0/CustomerImageManagerSpiEP-1.0.0.xml
[2024-10-25 12:50:30,538]  INFO {EndpointDeployer} - Endpoint named 'CustomerManagerSpiEP' has been deployed from file : /home/wso2carbon/wso2mi-4.2.0/tmp/carbonapps/-1234/1729849830433WSO2MIAccountOpeningFCRCompositeExporter_1.0.0.car/CustomerManagerSpiEP_1.0.0/CustomerManagerSpiEP-1.0.0.xml
[2024-10-25 12:50:30,539]  INFO {SequenceDeployer} - Sequence named 'AddCustomerImageInSequence' has been deployed from file : /home/wso2carbon/wso2mi-4.2.0/tmp/carbonapps/-1234/1729849830433WSO2MIAccountOpeningFCRCompositeExporter_1.0.0.car/AddCustomerImageInSequence_1.0.0/AddCustomerImageInSequence-1.0.0.xml
[2024-10-25 12:50:30,540]  INFO {SequenceDeployer} - Sequence named 'AddIndividualCorporateCustomerInSequence' has been deployed from file : /home/wso2carbon/wso2mi-4.2.0/tmp/carbonapps/-1234/1729849830433WSO2MIAccountOpeningFCRCompositeExporter_1.0.0.car/AddIndividualCorporateCustomerInSequence_1.0.0/AddIndividualCorporateCustomerInSequence-1.0.0.xml
[2024-10-25 12:50:30,623]  INFO {SequenceDeployer} - Sequence named 'DoDedupCustomerSearchInSequence' has been deployed from file : /home/wso2carbon/wso2mi-4.2.0/tmp/carbonapps/-1234/1729849830433WSO2MIAccountOpeningFCRCompositeExporter_1.0.0.car/DoDedupCustomerSearchInSequence_1.0.0/DoDedupCustomerSearchInSequence-1.0.0.xml
[2024-10-25 12:50:30,625]  INFO {SequenceDeployer} - Sequence named 'DoDedupCustomerSearchOutSequence' has been deployed from file : /home/wso2carbon/wso2mi-4.2.0/tmp/carbonapps/-1234/1729849830433WSO2MIAccountOpeningFCRCompositeExporter_1.0.0.car/DoDedupCustomerSearchOutSequence_1.0.0/DoDedupCustomerSearchOutSequence-1.0.0.xml
[2024-10-25 12:50:30,632]  INFO {SequenceDeployer} - Sequence named 'FaultSequence' has been deployed from file : /home/wso2carbon/wso2mi-4.2.0/tmp/carbonapps/-1234/1729849830433WSO2MIAccountOpeningFCRCompositeExporter_1.0.0.car/FaultSequence_1.0.0/FaultSequence-1.0.0.xml
[2024-10-25 12:50:30,633]  INFO {SequenceDeployer} - Sequence named 'InquireCustomerImageInSequence' has been deployed from file : /home/wso2carbon/wso2mi-4.2.0/tmp/carbonapps/-1234/1729849830433WSO2MIAccountOpeningFCRCompositeExporter_1.0.0.car/InquireCustomerImageInSequence_1.0.0/InquireCustomerImageInSequence-1.0.0.xml
[2024-10-25 12:50:30,634]  INFO {SequenceDeployer} - Sequence named 'InquireIndivdualCorporateCustWithAddInfoInSequence' has been deployed from file : /home/wso2carbon/wso2mi-4.2.0/tmp/carbonapps/-1234/1729849830433WSO2MIAccountOpeningFCRCompositeExporter_1.0.0.car/InquireIndivdualCorporateCustWithAddInfoInSequence_1.0.0/InquireIndivdualCorporateCustWithAddInfoInSequence-1.0.0.xml
[2024-10-25 12:50:30,635]  INFO {SequenceDeployer} - Sequence named 'ModifyCustomerForICInSequence' has been deployed from file : /home/wso2carbon/wso2mi-4.2.0/tmp/carbonapps/-1234/1729849830433WSO2MIAccountOpeningFCRCompositeExporter_1.0.0.car/ModifyCustomerForICInSequence_1.0.0/ModifyCustomerForICInSequence-1.0.0.xml
[2024-10-25 12:50:30,636]  INFO {SequenceDeployer} - Sequence named 'ModifyCustomerImageInSequence' has been deployed from file : /home/wso2carbon/wso2mi-4.2.0/tmp/carbonapps/-1234/1729849830433WSO2MIAccountOpeningFCRCompositeExporter_1.0.0.car/ModifyCustomerImageInSequence_1.0.0/ModifyCustomerImageInSequence-1.0.0.xml
[2024-10-25 12:50:30,637]  INFO {SequenceDeployer} - Sequence named 'ModifyCustomerInSequence' has been deployed from file : /home/wso2carbon/wso2mi-4.2.0/tmp/carbonapps/-1234/1729849830433WSO2MIAccountOpeningFCRCompositeExporter_1.0.0.car/ModifyCustomerInSequence_1.0.0/ModifyCustomerInSequence-1.0.0.xml
[2024-10-25 12:50:30,638]  INFO {SequenceDeployer} - Sequence named 'OutSequence' has been deployed from file : /home/wso2carbon/wso2mi-4.2.0/tmp/carbonapps/-1234/1729849830433WSO2MIAccountOpeningFCRCompositeExporter_1.0.0.car/OutSequence_1.0.0/OutSequence-1.0.0.xml
[2024-10-25 12:50:30,638]  INFO {API} - {api:AccountOpeningAPI} Initializing API: AccountOpeningAPI
[2024-10-25 12:50:30,639]  INFO {APIDeployer} - API named 'AccountOpeningAPI' has been deployed from file : /home/wso2carbon/wso2mi-4.2.0/tmp/carbonapps/-1234/1729849830433WSO2MIAccountOpeningFCRCompositeExporter_1.0.0.car/AccountOpeningAPI_1.0.0/AccountOpeningAPI-1.0.0.xml
[2024-10-25 12:50:30,639]  INFO {CappDeployer} - Successfully Deployed Carbon Application : WSO2MIAccountOpeningFCRCompositeExporter_1.0.0{super-tenant}
[2024-10-25 12:50:30,639]  INFO {ServiceCatalogDeployer} - Executing Service Catalog deployer for CApp : WSO2MIAccountOpeningFCRCompositeExporter_1.0.0.car
[2024-10-25 12:50:30,718]  INFO {EndpointDeployer} - Endpoint named 'inquireLoanAccount_Ep' has been deployed from file : /home/wso2carbon/wso2mi-4.2.0/tmp/carbonapps/-1234/1729849830639inquireLoanAccountCompositeExporter_1.0.0-SNAPSHOT.car/inquireLoanAccount_Ep_1.0.0/inquireLoanAccount_Ep-1.0.0.xml
[2024-10-25 12:50:30,821]  INFO {API} - {api:inquireLoanAccountAPI} Initializing API: inquireLoanAccountAPI
[2024-10-25 12:50:30,822]  INFO {APIDeployer} - API named 'inquireLoanAccountAPI' has been deployed from file : /home/wso2carbon/wso2mi-4.2.0/tmp/carbonapps/-1234/1729849830639inquireLoanAccountCompositeExporter_1.0.0-SNAPSHOT.car/inquireLoanAccountAPI_1.0.0/inquireLoanAccountAPI-1.0.0.xml
[2024-10-25 12:50:30,822]  INFO {CappDeployer} - Successfully Deployed Carbon Application : inquireLoanAccountCompositeExporter_1.0.0-SNAPSHOT{super-tenant}
[2024-10-25 12:50:30,823]  INFO {ServiceCatalogDeployer} - Executing Service Catalog deployer for CApp : inquireLoanAccountCompositeExporter_1.0.0-SNAPSHOT.car
[2024-10-25 12:50:31,019]  INFO {PassThroughListeningIOReactorManager} - Pass-through HTTP Listener started on 0.0.0.0:8290
[2024-10-25 12:50:31,021]  INFO {PassThroughListeningIOReactorManager} - Pass-through HTTPS Listener started on 0.0.0.0:8253
[2024-10-25 12:50:31,023]  INFO {StartupFinalizer} - WSO2 Micro Integrator started in 22.18 seconds
[2024-10-25 12:50:31,141] ERROR {ServiceCatalogUtils} - Could not create temporary files
[2024-10-25 12:50:31,315]  INFO {ServiceCatalogUtils} - Successfully updated the service catalog
[2024-10-25 12:50:31,337] ERROR {ServiceCatalogUtils} - Could not create temporary files
[2024-10-25 12:50:31,537]  INFO {PassThroughListeningIOReactorManager} - Pass-through EI_INTERNAL_HTTP_INBOUND_ENDPOINT Listener started on 0.0.0.0:9201
[2024-10-25 12:50:31,637]  INFO {PassThroughListeningIOReactorManager} - Pass-through EI_INTERNAL_HTTPS_INBOUND_ENDPOINT Listener started on 0.0.0.0:9164
