[2024-10-25 12:29:01,636]  INFO {org.wso2.config.mapper.ConfigParser} - Overriding files in configuration directory /home/wso2carbon/wso2mi-4.2.0
[2024-10-25 12:29:02,043]  INFO {org.wso2.config.mapper.ConfigParser} - Applying configurations with deployment configurations
[2024-10-25 12:29:15,339]  INFO {RuntimeStatisticCollector} - Statistics Entry Expiration time set to 136000 milliseconds
[2024-10-25 12:29:16,645]  INFO {EndpointDeployer} - Endpoint named 'putCardStatus_EP' has been deployed from file : /home/wso2carbon/wso2mi-4.2.0/tmp/carbonapps/-1234/1729848556535CardManagementCompositeExporter_1.0.0-SNAPSHOT.car/putCardStatus_EP_1.0.0/putCardStatus_EP-1.0.0.xml
[2024-10-25 12:29:16,648]  INFO {EndpointDeployer} - Endpoint named 'getCardLimit_EP' has been deployed from file : /home/wso2carbon/wso2mi-4.2.0/tmp/carbonapps/-1234/1729848556535CardManagementCompositeExporter_1.0.0-SNAPSHOT.car/getCardLimit_EP_1.0.0/getCardLimit_EP-1.0.0.xml
[2024-10-25 12:29:16,649]  INFO {EndpointDeployer} - Endpoint named 'resetCardPin_EP' has been deployed from file : /home/wso2carbon/wso2mi-4.2.0/tmp/carbonapps/-1234/1729848556535CardManagementCompositeExporter_1.0.0-SNAPSHOT.car/resetCardPin_EP_1.0.0/resetCardPin_EP-1.0.0.xml
[2024-10-25 12:29:16,650]  INFO {EndpointDeployer} - Endpoint named 'retrieveCardStatus_EP' has been deployed from file : /home/wso2carbon/wso2mi-4.2.0/tmp/carbonapps/-1234/1729848556535CardManagementCompositeExporter_1.0.0-SNAPSHOT.car/retrieveCardStatus_EP_1.0.0/retrieveCardStatus_EP-1.0.0.xml
[2024-10-25 12:29:16,651]  INFO {EndpointDeployer} - Endpoint named 'activateCard_EP' has been deployed from file : /home/wso2carbon/wso2mi-4.2.0/tmp/carbonapps/-1234/1729848556535CardManagementCompositeExporter_1.0.0-SNAPSHOT.car/activateCard_EP_1.0.0/activateCard_EP-1.0.0.xml
[2024-10-25 12:29:16,652]  INFO {EndpointDeployer} - Endpoint named 'statusOfApiByCountry_EP' has been deployed from file : /home/wso2carbon/wso2mi-4.2.0/tmp/carbonapps/-1234/1729848556535CardManagementCompositeExporter_1.0.0-SNAPSHOT.car/statusOfApiByCountry_EP_1.0.0/statusOfApiByCountry_EP-1.0.0.xml
[2024-10-25 12:29:16,658]  INFO {EndpointDeployer} - Endpoint named 'retrieveCardsByActNo_EP' has been deployed from file : /home/wso2carbon/wso2mi-4.2.0/tmp/carbonapps/-1234/1729848556535CardManagementCompositeExporter_1.0.0-SNAPSHOT.car/retrieveCardsByActNo_EP_1.0.0/retrieveCardsByActNo_EP-1.0.0.xml
[2024-10-25 12:29:16,660]  INFO {EndpointDeployer} - Endpoint named 'patchCardLimit' has been deployed from file : /home/wso2carbon/wso2mi-4.2.0/tmp/carbonapps/-1234/1729848556535CardManagementCompositeExporter_1.0.0-SNAPSHOT.car/patchCardLimit_1.0.0/patchCardLimit-1.0.0.xml
[2024-10-25 12:29:16,734]  INFO {SequenceDeployer} - Sequence named 'CardManagenetFaultSeq' has been deployed from file : /home/wso2carbon/wso2mi-4.2.0/tmp/carbonapps/-1234/1729848556535CardManagementCompositeExporter_1.0.0-SNAPSHOT.car/CardManagenetFaultSeq_1.0.0/CardManagenetFaultSeq-1.0.0.xml
[2024-10-25 12:29:16,848]  INFO {API} - {api:resetCardPin} Initializing API: resetCardPin
[2024-10-25 12:29:16,849]  INFO {Axis2SynapseEnvironment} - Continuation call is set to true
[2024-10-25 12:29:16,852]  INFO {APIDeployer} - API named 'resetCardPin' has been deployed from file : /home/wso2carbon/wso2mi-4.2.0/tmp/carbonapps/-1234/1729848556535CardManagementCompositeExporter_1.0.0-SNAPSHOT.car/resetCardPin_1.0.0/resetCardPin-1.0.0.xml
[2024-10-25 12:29:16,858]  INFO {API} - {api:Activatecard} Initializing API: Activatecard
[2024-10-25 12:29:16,858]  INFO {APIDeployer} - API named 'Activatecard' has been deployed from file : /home/wso2carbon/wso2mi-4.2.0/tmp/carbonapps/-1234/1729848556535CardManagementCompositeExporter_1.0.0-SNAPSHOT.car/Activatecard_1.0.0/Activatecard-1.0.0.xml
[2024-10-25 12:29:16,948]  INFO {API} - {api:retrieveCardStatus} Initializing API: retrieveCardStatus
[2024-10-25 12:29:16,949]  INFO {APIDeployer} - API named 'retrieveCardStatus' has been deployed from file : /home/wso2carbon/wso2mi-4.2.0/tmp/carbonapps/-1234/1729848556535CardManagementCompositeExporter_1.0.0-SNAPSHOT.car/retrieveCardStatus_1.0.0/retrieveCardStatus-1.0.0.xml
[2024-10-25 12:29:17,047]  INFO {API} - {api:getCardLimit} Initializing API: getCardLimit
[2024-10-25 12:29:17,048]  INFO {APIDeployer} - API named 'getCardLimit' has been deployed from file : /home/wso2carbon/wso2mi-4.2.0/tmp/carbonapps/-1234/1729848556535CardManagementCompositeExporter_1.0.0-SNAPSHOT.car/getCardLimit_1.0.0/getCardLimit-1.0.0.xml
[2024-10-25 12:29:17,051]  INFO {API} - {api:statusOfApiByCountry} Initializing API: statusOfApiByCountry
[2024-10-25 12:29:17,052]  INFO {APIDeployer} - API named 'statusOfApiByCountry' has been deployed from file : /home/wso2carbon/wso2mi-4.2.0/tmp/carbonapps/-1234/1729848556535CardManagementCompositeExporter_1.0.0-SNAPSHOT.car/statusOfApiByCountry_1.0.0/statusOfApiByCountry-1.0.0.xml
[2024-10-25 12:29:17,056]  INFO {API} - {api:retrieveCardsbyAccountNo} Initializing API: retrieveCardsbyAccountNo
[2024-10-25 12:29:17,057]  INFO {APIDeployer} - API named 'retrieveCardsbyAccountNo' has been deployed from file : /home/wso2carbon/wso2mi-4.2.0/tmp/carbonapps/-1234/1729848556535CardManagementCompositeExporter_1.0.0-SNAPSHOT.car/retrieveCardsbyAccountNo_1.0.0/retrieveCardsbyAccountNo-1.0.0.xml
[2024-10-25 12:29:17,057]  INFO {CappDeployer} - Successfully Deployed Carbon Application : CardManagementCompositeExporter_1.0.0-SNAPSHOT{super-tenant}
[2024-10-25 12:29:17,058]  INFO {ServiceCatalogDeployer} - Executing Service Catalog deployer for CApp : CardManagementCompositeExporter_1.0.0-SNAPSHOT.car
[2024-10-25 12:29:17,122]  INFO {SequenceDeployer} - Sequence named 'secondaryFlow' has been deployed from file : /home/wso2carbon/wso2mi-4.2.0/tmp/carbonapps/-1234/1729848557058ContentBasedRoutingApplicationCompositeExporter_1.0.0.car/secondaryFlow_1.0.0/secondaryFlow-1.0.0.xml
[2024-10-25 12:29:17,124]  INFO {SequenceDeployer} - Sequence named 'firstSubFlow' has been deployed from file : /home/wso2carbon/wso2mi-4.2.0/tmp/carbonapps/-1234/1729848557058ContentBasedRoutingApplicationCompositeExporter_1.0.0.car/firstSubFlow_1.0.0/firstSubFlow-1.0.0.xml
[2024-10-25 12:29:17,126]  INFO {SequenceDeployer} - Sequence named 'secondSubFlow' has been deployed from file : /home/wso2carbon/wso2mi-4.2.0/tmp/carbonapps/-1234/1729848557058ContentBasedRoutingApplicationCompositeExporter_1.0.0.car/secondSubFlow_1.0.0/secondSubFlow-1.0.0.xml
[2024-10-25 12:29:17,128]  INFO {SequenceDeployer} - Sequence named 'ErrorHandling' has been deployed from file : /home/wso2carbon/wso2mi-4.2.0/tmp/carbonapps/-1234/1729848557058ContentBasedRoutingApplicationCompositeExporter_1.0.0.car/ErrorHandling_1.0.0/ErrorHandling-1.0.0.xml
[2024-10-25 12:29:17,142]  INFO {API} - {api:business-logic} Initializing API: business-logic
[2024-10-25 12:29:17,142]  INFO {APIDeployer} - API named 'business-logic' has been deployed from file : /home/wso2carbon/wso2mi-4.2.0/tmp/carbonapps/-1234/1729848557058ContentBasedRoutingApplicationCompositeExporter_1.0.0.car/business-logic_1.0.0/business-logic-1.0.0.xml
[2024-10-25 12:29:17,142]  INFO {CappDeployer} - Successfully Deployed Carbon Application : ContentBasedRoutingApplicationCompositeExporter_1.0.0{super-tenant}
[2024-10-25 12:29:17,143]  INFO {ServiceCatalogDeployer} - Executing Service Catalog deployer for CApp : ContentBasedRoutingApplicationCompositeExporter_1.0.0.car
[2024-10-25 12:29:17,241]  INFO {LocalEntryDeployer} - LocalEntry named 'loanscustomerImagelocalentry' has been deployed from file : /home/wso2carbon/wso2mi-4.2.0/tmp/carbonapps/-1234/1729848557143LoansCustomerImageManagerCompositeExporter_1.0.0-SNAPSHOT.car/loanscustomerImagelocalentry_1.0.0/loanscustomerImagelocalentry-1.0.0.xml
[2024-10-25 12:29:17,243]  INFO {EndpointDeployer} - Endpoint named 'LoansCustomerImageManager_Ep' has been deployed from file : /home/wso2carbon/wso2mi-4.2.0/tmp/carbonapps/-1234/1729848557143LoansCustomerImageManagerCompositeExporter_1.0.0-SNAPSHOT.car/LoansCustomerImageManager_Ep_1.0.0/LoansCustomerImageManager_Ep-1.0.0.xml
[2024-10-25 12:29:17,330]  INFO {SequenceDeployer} - Sequence named 'LoansCustomerImageManagerOutSequence' has been deployed from file : /home/wso2carbon/wso2mi-4.2.0/tmp/carbonapps/-1234/1729848557143LoansCustomerImageManagerCompositeExporter_1.0.0-SNAPSHOT.car/LoansCustomerImageManagerOutSequence_1.0.0/LoansCustomerImageManagerOutSequence-1.0.0.xml
[2024-10-25 12:29:17,339]  INFO {SequenceDeployer} - Sequence named 'LoaansCustomerImageManagerFaultSequence' has been deployed from file : /home/wso2carbon/wso2mi-4.2.0/tmp/carbonapps/-1234/1729848557143LoansCustomerImageManagerCompositeExporter_1.0.0-SNAPSHOT.car/LoaansCustomerImageManagerFaultSequence_1.0.0/LoaansCustomerImageManagerFaultSequence-1.0.0.xml
[2024-10-25 12:29:18,035] ERROR {ServiceCatalogUtils} - Could not create temporary files
[2024-10-25 12:29:18,330]  INFO {SequenceDeployer} - Sequence named 'InquireCustomerImageManagerInSequence' has been deployed from file : /home/wso2carbon/wso2mi-4.2.0/tmp/carbonapps/-1234/1729848557143LoansCustomerImageManagerCompositeExporter_1.0.0-SNAPSHOT.car/InquireCustomerImageManagerInSequence_1.0.0/InquireCustomerImageManagerInSequence-1.0.0.xml
[2024-10-25 12:29:18,623]  INFO {API} - {api:LoansCustomerImageManagerAPI} Initializing API: LoansCustomerImageManagerAPI
[2024-10-25 12:29:18,722]  INFO {APIDeployer} - API named 'LoansCustomerImageManagerAPI' has been deployed from file : /home/wso2carbon/wso2mi-4.2.0/tmp/carbonapps/-1234/1729848557143LoansCustomerImageManagerCompositeExporter_1.0.0-SNAPSHOT.car/InquireCustomerImage_1.0.0/InquireCustomerImage-1.0.0.xml
[2024-10-25 12:29:18,723]  INFO {CappDeployer} - Successfully Deployed Carbon Application : LoansCustomerImageManagerCompositeExporter_1.0.0-SNAPSHOT{super-tenant}
[2024-10-25 12:29:18,724]  INFO {ServiceCatalogDeployer} - Executing Service Catalog deployer for CApp : LoansCustomerImageManagerCompositeExporter_1.0.0-SNAPSHOT.car
[2024-10-25 12:29:18,742]  INFO {ServiceCatalogUtils} - Successfully updated the service catalog
[2024-10-25 12:29:18,743] ERROR {FileRegistryResourceDeployer} - Specified file to be written as a resource is not found at : /home/wso2carbon/wso2mi-4.2.0/tmp/carbonapps/-1234/1729848558724LoansCustomerManagerCompositeExporter_1.0.0.car/InquireResponseMapper_inputSchema_1.0.0/resources/InquireResponseMapper_inputSchema.json
[2024-10-25 12:29:18,744] ERROR {FileRegistryResourceDeployer} - Specified file to be written as a resource is not found at : /home/wso2carbon/wso2mi-4.2.0/tmp/carbonapps/-1234/1729848558724LoansCustomerManagerCompositeExporter_1.0.0.car/InquireResponseMapper_xsltStyleSheet_1.0.0/resources/InquireResponseMapper_xsltStyleSheet.xml
[2024-10-25 12:29:18,754]  INFO {EndpointDeployer} - Endpoint named 'LoansCustomerManager_EP' has been deployed from file : /home/wso2carbon/wso2mi-4.2.0/tmp/carbonapps/-1234/1729848558724LoansCustomerManagerCompositeExporter_1.0.0.car/LoansCustomerManager_EP_1.0.0/LoansCustomerManager_EP-1.0.0.xml
[2024-10-25 12:29:19,136]  INFO {API} - {api:LoansCustomerManager:v1.0.0} Initializing API: LoansCustomerManager:v1.0.0
[2024-10-25 12:29:19,243]  INFO {APIDeployer} - API named 'LoansCustomerManager:v1.0.0' has been deployed from file : /home/wso2carbon/wso2mi-4.2.0/tmp/carbonapps/-1234/1729848558724LoansCustomerManagerCompositeExporter_1.0.0.car/LoansCustomerManager_1.0.0_1.0.0/LoansCustomerManager_1.0.0-1.0.0.xml
[2024-10-25 12:29:19,243]  INFO {CappDeployer} - Successfully Deployed Carbon Application : LoansCustomerManagerCompositeExporter_1.0.0{super-tenant}
[2024-10-25 12:29:19,244]  INFO {ServiceCatalogDeployer} - Executing Service Catalog deployer for CApp : LoansCustomerManagerCompositeExporter_1.0.0.car
Exception in thread "pool-16-thread-3" java.util.ConcurrentModificationException
	at java.base/java.util.ArrayList$Itr.checkForComodification(ArrayList.java:1013)
	at java.base/java.util.ArrayList$Itr.next(ArrayList.java:967)
	at com.google.gson.internal.bind.CollectionTypeAdapterFactory$Adapter.write(CollectionTypeAdapterFactory.java:96)
	at com.google.gson.internal.bind.CollectionTypeAdapterFactory$Adapter.write(CollectionTypeAdapterFactory.java:61)
	at com.google.gson.Gson.toJson(Gson.java:786)
	at com.google.gson.Gson.toJson(Gson.java:756)
	at com.google.gson.Gson.toJson(Gson.java:711)
	at com.google.gson.Gson.toJson(Gson.java:691)
	at org.wso2.micro.integrator.initializer.utils.ServiceCatalogUtils.uploadZip(ServiceCatalogUtils.java:342)
	at org.wso2.micro.integrator.initializer.utils.ServiceCatalogUtils.publishToAPIM(ServiceCatalogUtils.java:193)
	at org.wso2.micro.integrator.initializer.serviceCatalog.ServiceCatalogDeployer.run(ServiceCatalogDeployer.java:76)
	at java.base/java.util.concurrent.ThreadPoolExecutor.runWorker(ThreadPoolExecutor.java:1136)
	at java.base/java.util.concurrent.ThreadPoolExecutor$Worker.run(ThreadPoolExecutor.java:635)
	at java.base/java.lang.Thread.run(Thread.java:833)
[2024-10-25 12:29:19,430]  INFO {EndpointDeployer} - Endpoint named 'LoansPaymentManagerEndpoint' has been deployed from file : /home/wso2carbon/wso2mi-4.2.0/tmp/carbonapps/-1234/1729848559243LoansPaymentManagerCompositeExporter_1.0.0.car/LoansPaymentManagerEndpoint_1.0.0/LoansPaymentManagerEndpoint-1.0.0.xml
[2024-10-25 12:29:19,439]  INFO {SequenceDeployer} - Sequence named 'LoansPaymentOutSequence' has been deployed from file : /home/wso2carbon/wso2mi-4.2.0/tmp/carbonapps/-1234/1729848559243LoansPaymentManagerCompositeExporter_1.0.0.car/LoansPaymentOutSequence_1.0.0/LoansPaymentOutSequence-1.0.0.xml
[2024-10-25 12:29:19,451]  INFO {SequenceDeployer} - Sequence named 'LoansPaymentFaultSequence' has been deployed from file : /home/wso2carbon/wso2mi-4.2.0/tmp/carbonapps/-1234/1729848559243LoansPaymentManagerCompositeExporter_1.0.0.car/LoansPaymentFaultSequence_1.0.0/LoansPaymentFaultSequence-1.0.0.xml
[2024-10-25 12:29:19,645]  INFO {SequenceDeployer} - Sequence named 'DoDisbursementProcessingForIslamic' has been deployed from file : /home/wso2carbon/wso2mi-4.2.0/tmp/carbonapps/-1234/1729848559243LoansPaymentManagerCompositeExporter_1.0.0.car/DoDisbursementProcessingForIslamic_1.0.0/DoDisbursementProcessingForIslamic-1.0.0.xml
[2024-10-25 12:29:19,746] ERROR {ServiceCatalogUtils} - Could not create temporary files
[2024-10-25 12:29:19,842]  INFO {SequenceDeployer} - Sequence named 'DoDisbursementProcessingForIBOCInSequence' has been deployed from file : /home/wso2carbon/wso2mi-4.2.0/tmp/carbonapps/-1234/1729848559243LoansPaymentManagerCompositeExporter_1.0.0.car/DoDisbursementProcessingForIBOCInSequence_1.0.0/DoDisbursementProcessingForIBOCInSequence-1.0.0.xml
[2024-10-25 12:29:19,844]  INFO {SequenceDeployer} - Sequence named 'InquireDeductionDetailsInSequence' has been deployed from file : /home/wso2carbon/wso2mi-4.2.0/tmp/carbonapps/-1234/1729848559243LoansPaymentManagerCompositeExporter_1.0.0.car/InquireDeductionDetailsInSequence_1.0.0/InquireDeductionDetailsInSequence-1.0.0.xml
[2024-10-25 12:29:19,845]  INFO {API} - {api:LoansPaymentManagerAPI} Initializing API: LoansPaymentManagerAPI
[2024-10-25 12:29:19,845]  INFO {APIDeployer} - API named 'LoansPaymentManagerAPI' has been deployed from file : /home/wso2carbon/wso2mi-4.2.0/tmp/carbonapps/-1234/1729848559243LoansPaymentManagerCompositeExporter_1.0.0.car/LoansPaymentManagerAPI_1.0.0/LoansPaymentManagerAPI-1.0.0.xml
[2024-10-25 12:29:19,845]  INFO {CappDeployer} - Successfully Deployed Carbon Application : LoansPaymentManagerCompositeExporter_1.0.0{super-tenant}
[2024-10-25 12:29:19,846]  INFO {ServiceCatalogDeployer} - Executing Service Catalog deployer for CApp : LoansPaymentManagerCompositeExporter_1.0.0.car
[2024-10-25 12:29:19,850]  INFO {EndpointDeployer} - Endpoint named 'PartialPayoff_EP' has been deployed from file : /home/wso2carbon/wso2mi-4.2.0/tmp/carbonapps/-1234/1729848559845NBLLoansCompositeExporter_1.0.0-SNAPSHOT.car/PartialPayoff_EP_1.0.0/PartialPayoff_EP-1.0.0.xml
[2024-10-25 12:29:19,943]  INFO {API} - {api:PartialPayoffAPI} Initializing API: PartialPayoffAPI
[2024-10-25 12:29:19,944]  INFO {APIDeployer} - API named 'PartialPayoffAPI' has been deployed from file : /home/wso2carbon/wso2mi-4.2.0/tmp/carbonapps/-1234/1729848559845NBLLoansCompositeExporter_1.0.0-SNAPSHOT.car/PartialPayoffAPI_1.0.0/PartialPayoffAPI-1.0.0.xml
[2024-10-25 12:29:19,944]  INFO {CappDeployer} - Successfully Deployed Carbon Application : NBLLoansCompositeExporter_1.0.0-SNAPSHOT{super-tenant}
[2024-10-25 12:29:19,945]  INFO {ServiceCatalogDeployer} - Executing Service Catalog deployer for CApp : NBLLoansCompositeExporter_1.0.0-SNAPSHOT.car
[2024-10-25 12:29:20,027]  INFO {LocalEntryDeployer} - LocalEntry named 'partialpayOffShema' has been deployed from file : /home/wso2carbon/wso2mi-4.2.0/tmp/carbonapps/-1234/1729848559945PayInstallmentCompositeExporter_1.0.0-SNAPSHOT.car/partialpayOffShema_1.0.0/partialpayOffShema-1.0.0.xml
[2024-10-25 12:29:20,029]  INFO {EndpointDeployer} - Endpoint named 'PayInstalment' has been deployed from file : /home/wso2carbon/wso2mi-4.2.0/tmp/carbonapps/-1234/1729848559945PayInstallmentCompositeExporter_1.0.0-SNAPSHOT.car/PayInstalment_1.0.0/PayInstalment-1.0.0.xml
[2024-10-25 12:29:20,031]  INFO {SequenceDeployer} - Sequence named 'PayInstalmentInSequence' has been deployed from file : /home/wso2carbon/wso2mi-4.2.0/tmp/carbonapps/-1234/1729848559945PayInstallmentCompositeExporter_1.0.0-SNAPSHOT.car/PayInstalmentInSequence_1.0.0/PayInstalmentInSequence-1.0.0.xml
[2024-10-25 12:29:20,050]  INFO {SequenceDeployer} - Sequence named 'PayInstalmentOutSequence' has been deployed from file : /home/wso2carbon/wso2mi-4.2.0/tmp/carbonapps/-1234/1729848559945PayInstallmentCompositeExporter_1.0.0-SNAPSHOT.car/PayInstalmentOutSequence_1.0.0/PayInstalmentOutSequence-1.0.0.xml
[2024-10-25 12:29:20,125]  INFO {SequenceDeployer} - Sequence named 'PayInstalmentFaultSequence' has been deployed from file : /home/wso2carbon/wso2mi-4.2.0/tmp/carbonapps/-1234/1729848559945PayInstallmentCompositeExporter_1.0.0-SNAPSHOT.car/PayInstalmentFaultSequence_1.0.0/PayInstalmentFaultSequence-1.0.0.xml
[2024-10-25 12:29:20,237]  INFO {API} - {api:PayInstalmentAPI} Initializing API: PayInstalmentAPI
[2024-10-25 12:29:20,238]  INFO {APIDeployer} - API named 'PayInstalmentAPI' has been deployed from file : /home/wso2carbon/wso2mi-4.2.0/tmp/carbonapps/-1234/1729848559945PayInstallmentCompositeExporter_1.0.0-SNAPSHOT.car/PayInstalmentAPI_1.0.0/PayInstalmentAPI-1.0.0.xml
[2024-10-25 12:29:20,238]  INFO {CappDeployer} - Successfully Deployed Carbon Application : PayInstallmentCompositeExporter_1.0.0-SNAPSHOT{super-tenant}
[2024-10-25 12:29:20,239]  INFO {ServiceCatalogDeployer} - Executing Service Catalog deployer for CApp : PayInstallmentCompositeExporter_1.0.0-SNAPSHOT.car
[2024-10-25 12:29:20,328] ERROR {ServiceCatalogUtils} - Could not create temporary directories required for service catalog
[2024-10-25 12:29:20,333]  INFO {EndpointDeployer} - Endpoint named 'IBM_MQ_CONNECTOR_REQUEST_EP' has been deployed from file : /home/wso2carbon/wso2mi-4.2.0/tmp/carbonapps/-1234/1729848560239WSO2MI-NBC-FCCFTCompositeExporter_1.0.0-SNAPSHOT.car/IBM_MQ_CONNECTOR_REQUEST_EP_1.0.0/IBM_MQ_CONNECTOR_REQUEST_EP-1.0.0.xml
[2024-10-25 12:29:20,335]  INFO {EndpointDeployer} - Endpoint named 'IBM_MQ_CONNECTOR_RESPONSE_EP' has been deployed from file : /home/wso2carbon/wso2mi-4.2.0/tmp/carbonapps/-1234/1729848560239WSO2MI-NBC-FCCFTCompositeExporter_1.0.0-SNAPSHOT.car/IBM_MQ_CONNECTOR_RESPONSE_EP_1.0.0/IBM_MQ_CONNECTOR_RESPONSE_EP-1.0.0.xml
[2024-10-25 12:29:20,427]  INFO {SequenceDeployer} - Sequence named 'FCCFT_FAULT_SEQUENCE' has been deployed from file : /home/wso2carbon/wso2mi-4.2.0/tmp/carbonapps/-1234/1729848560239WSO2MI-NBC-FCCFTCompositeExporter_1.0.0-SNAPSHOT.car/FCCFT_FAULT_SEQUENCE_1.0.0/FCCFT_FAULT_SEQUENCE-1.0.0.xml
[2024-10-25 12:29:20,434]  INFO {SequenceDeployer} - Sequence named 'FCCFT_REQUEST_IN_SEQUENCE' has been deployed from file : /home/wso2carbon/wso2mi-4.2.0/tmp/carbonapps/-1234/1729848560239WSO2MI-NBC-FCCFTCompositeExporter_1.0.0-SNAPSHOT.car/FCCFT_REQUEST_IN_SEQUENCE_1.0.0/FCCFT_REQUEST_IN_SEQUENCE-1.0.0.xml
[2024-10-25 12:29:20,435]  INFO {SequenceDeployer} - Sequence named 'FCCFT_RESPONSE_SEQUENCE' has been deployed from file : /home/wso2carbon/wso2mi-4.2.0/tmp/carbonapps/-1234/1729848560239WSO2MI-NBC-FCCFTCompositeExporter_1.0.0-SNAPSHOT.car/FCCFT_RESPONSE_SEQUENCE_1.0.0/FCCFT_RESPONSE_SEQUENCE-1.0.0.xml
[2024-10-25 12:29:20,436]  INFO {API} - {api:FCCFTAPI} Initializing API: FCCFTAPI
[2024-10-25 12:29:20,437]  INFO {APIDeployer} - API named 'FCCFTAPI' has been deployed from file : /home/wso2carbon/wso2mi-4.2.0/tmp/carbonapps/-1234/1729848560239WSO2MI-NBC-FCCFTCompositeExporter_1.0.0-SNAPSHOT.car/FCCFTAPI_1.0.0/FCCFTAPI-1.0.0.xml
[2024-10-25 12:29:20,437]  INFO {CappDeployer} - Successfully Deployed Carbon Application : WSO2MI-NBC-FCCFTCompositeExporter_1.0.0-SNAPSHOT{super-tenant}
[2024-10-25 12:29:20,437]  INFO {ServiceCatalogDeployer} - Executing Service Catalog deployer for CApp : WSO2MI-NBC-FCCFTCompositeExporter_1.0.0-SNAPSHOT.car
Exception in thread "pool-16-thread-6" java.util.ConcurrentModificationException
	at java.base/java.util.ArrayList$Itr.checkForComodification(ArrayList.java:1013)
	at java.base/java.util.ArrayList$Itr.next(ArrayList.java:967)
	at com.google.gson.internal.bind.CollectionTypeAdapterFactory$Adapter.write(CollectionTypeAdapterFactory.java:96)
	at com.google.gson.internal.bind.CollectionTypeAdapterFactory$Adapter.write(CollectionTypeAdapterFactory.java:61)
	at com.google.gson.Gson.toJson(Gson.java:786)
	at com.google.gson.Gson.toJson(Gson.java:756)
	at com.google.gson.Gson.toJson(Gson.java:711)
	at com.google.gson.Gson.toJson(Gson.java:691)
	at org.wso2.micro.integrator.initializer.utils.ServiceCatalogUtils.uploadZip(ServiceCatalogUtils.java:342)
	at org.wso2.micro.integrator.initializer.utils.ServiceCatalogUtils.publishToAPIM(ServiceCatalogUtils.java:193)
	at org.wso2.micro.integrator.initializer.serviceCatalog.ServiceCatalogDeployer.run(ServiceCatalogDeployer.java:76)
	at java.base/java.util.concurrent.ThreadPoolExecutor.runWorker(ThreadPoolExecutor.java:1136)
	at java.base/java.util.concurrent.ThreadPoolExecutor$Worker.run(ThreadPoolExecutor.java:635)
	at java.base/java.lang.Thread.run(Thread.java:833)
[2024-10-25 12:29:20,835] ERROR {ServiceCatalogUtils} - Could not create temporary files
[2024-10-25 12:29:21,033]  INFO {EndpointDeployer} - Endpoint named 'BillPaymentManagerSpiSoapEP' has been deployed from file : /home/wso2carbon/wso2mi-4.2.0/tmp/carbonapps/-1234/1729848560437WSO2MI-NBC-FCRCompositeExporter_1.0.0-SNAPSHOT.car/BillPaymentManagerSpiSoapEP_1.0.0/BillPaymentManagerSpiSoapEP-1.0.0.xml
[2024-10-25 12:29:21,034]  INFO {EndpointDeployer} - Endpoint named 'CurrencyRateManagerSpiEP' has been deployed from file : /home/wso2carbon/wso2mi-4.2.0/tmp/carbonapps/-1234/1729848560437WSO2MI-NBC-FCRCompositeExporter_1.0.0-SNAPSHOT.car/CurrencyRateManagerSpiEP_1.0.0/CurrencyRateManagerSpiEP-1.0.0.xml
[2024-10-25 12:29:21,035]  INFO {EndpointDeployer} - Endpoint named 'CustomerManagerSpiSoapEP' has been deployed from file : /home/wso2carbon/wso2mi-4.2.0/tmp/carbonapps/-1234/1729848560437WSO2MI-NBC-FCRCompositeExporter_1.0.0-SNAPSHOT.car/CustomerManagerSpiSoapEP_1.0.0/CustomerManagerSpiSoapEP-1.0.0.xml
[2024-10-25 12:29:21,036]  INFO {EndpointDeployer} - Endpoint named 'DemandDepositInstructionManagerSpiSoapEP' has been deployed from file : /home/wso2carbon/wso2mi-4.2.0/tmp/carbonapps/-1234/1729848560437WSO2MI-NBC-FCRCompositeExporter_1.0.0-SNAPSHOT.car/DemandDepositInstructionManagerSpiSoapEP_1.0.0/DemandDepositInstructionManagerSpiSoapEP-1.0.0.xml
[2024-10-25 12:29:21,037]  INFO {EndpointDeployer} - Endpoint named 'DemandDepositMaintenanceSpiEP' has been deployed from file : /home/wso2carbon/wso2mi-4.2.0/tmp/carbonapps/-1234/1729848560437WSO2MI-NBC-FCRCompositeExporter_1.0.0-SNAPSHOT.car/DemandDepositMaintenanceSpiEP_1.0.0/DemandDepositMaintenanceSpiEP-1.0.0.xml
[2024-10-25 12:29:21,038]  INFO {EndpointDeployer} - Endpoint named 'DemandDepositManagerSpiSoapEP' has been deployed from file : /home/wso2carbon/wso2mi-4.2.0/tmp/carbonapps/-1234/1729848560437WSO2MI-NBC-FCRCompositeExporter_1.0.0-SNAPSHOT.car/DemandDepositManagerSpiSoapEP_1.0.0/DemandDepositManagerSpiSoapEP-1.0.0.xml
[2024-10-25 12:29:21,038]  INFO {EndpointDeployer} - Endpoint named 'DemandDepositStatementManagerSpiEP' has been deployed from file : /home/wso2carbon/wso2mi-4.2.0/tmp/carbonapps/-1234/1729848560437WSO2MI-NBC-FCRCompositeExporter_1.0.0-SNAPSHOT.car/DemandDepositStatementManagerSpiEP_1.0.0/DemandDepositStatementManagerSpiEP-1.0.0.xml
[2024-10-25 12:29:21,046]  INFO {SequenceDeployer} - Sequence named 'ActivateDeactivateAccountInSequence' has been deployed from file : /home/wso2carbon/wso2mi-4.2.0/tmp/carbonapps/-1234/1729848560437WSO2MI-NBC-FCRCompositeExporter_1.0.0-SNAPSHOT.car/ActivateDeactivateAccountInSequence_1.0.0/ActivateDeactivateAccountInSequence-1.0.0.xml
[2024-10-25 12:29:21,047]  INFO {SequenceDeployer} - Sequence named 'AddCustomerInSequence' has been deployed from file : /home/wso2carbon/wso2mi-4.2.0/tmp/carbonapps/-1234/1729848560437WSO2MI-NBC-FCRCompositeExporter_1.0.0-SNAPSHOT.car/AddCustomerInSequence_1.0.0/AddCustomerInSequence-1.0.0.xml
[2024-10-25 12:29:21,048]  INFO {SequenceDeployer} - Sequence named 'AddStandingInstructionInSequence' has been deployed from file : /home/wso2carbon/wso2mi-4.2.0/tmp/carbonapps/-1234/1729848560437WSO2MI-NBC-FCRCompositeExporter_1.0.0-SNAPSHOT.car/AddStandingInstructionInSequence_1.0.0/AddStandingInstructionInSequence-1.0.0.xml
[2024-10-25 12:29:21,050]  INFO {SequenceDeployer} - Sequence named 'ConvertAmountWithFromToCurrencyInSequence' has been deployed from file : /home/wso2carbon/wso2mi-4.2.0/tmp/carbonapps/-1234/1729848560437WSO2MI-NBC-FCRCompositeExporter_1.0.0-SNAPSHOT.car/ConvertAmountWithFromToCurrencyInSequence_1.0.0/ConvertAmountWithFromToCurrencyInSequence-1.0.0.xml
[2024-10-25 12:29:21,051]  INFO {SequenceDeployer} - Sequence named 'CreateNewAccountInSequence' has been deployed from file : /home/wso2carbon/wso2mi-4.2.0/tmp/carbonapps/-1234/1729848560437WSO2MI-NBC-FCRCompositeExporter_1.0.0-SNAPSHOT.car/CreateNewAccountInSequence_1.0.0/CreateNewAccountInSequence-1.0.0.xml
[2024-10-25 12:29:21,051]  INFO {SequenceDeployer} - Sequence named 'DeleteStandingInstructionInSequence' has been deployed from file : /home/wso2carbon/wso2mi-4.2.0/tmp/carbonapps/-1234/1729848560437WSO2MI-NBC-FCRCompositeExporter_1.0.0-SNAPSHOT.car/DeleteStandingInstructionInSequence_1.0.0/DeleteStandingInstructionInSequence-1.0.0.xml
[2024-10-25 12:29:21,052]  INFO {SequenceDeployer} - Sequence named 'DomesticTransferFundsWithDRCRAmountInSequence' has been deployed from file : /home/wso2carbon/wso2mi-4.2.0/tmp/carbonapps/-1234/1729848560437WSO2MI-NBC-FCRCompositeExporter_1.0.0-SNAPSHOT.car/DomesticTransferFundsWithDRCRAmountInSequence_1.0.0/DomesticTransferFundsWithDRCRAmountInSequence-1.0.0.xml
[2024-10-25 12:29:21,123]  INFO {SequenceDeployer} - Sequence named 'InquireBillWalletRtgsTxnsInSequence' has been deployed from file : /home/wso2carbon/wso2mi-4.2.0/tmp/carbonapps/-1234/1729848560437WSO2MI-NBC-FCRCompositeExporter_1.0.0-SNAPSHOT.car/InquireBillWalletRtgsTxnsInSequence_1.0.0/InquireBillWalletRtgsTxnsInSequence-1.0.0.xml
[2024-10-25 12:29:21,125]  INFO {SequenceDeployer} - Sequence named 'InquireForMaintenanceInSequence' has been deployed from file : /home/wso2carbon/wso2mi-4.2.0/tmp/carbonapps/-1234/1729848560437WSO2MI-NBC-FCRCompositeExporter_1.0.0-SNAPSHOT.car/InquireForMaintenanceInSequence_1.0.0/InquireForMaintenanceInSequence-1.0.0.xml
[2024-10-25 12:29:21,127]  INFO {SequenceDeployer} - Sequence named 'InquireInSequence' has been deployed from file : /home/wso2carbon/wso2mi-4.2.0/tmp/carbonapps/-1234/1729848560437WSO2MI-NBC-FCRCompositeExporter_1.0.0-SNAPSHOT.car/InquireInSequence_1.0.0/InquireInSequence-1.0.0.xml
[2024-10-25 12:29:21,128]  INFO {SequenceDeployer} - Sequence named 'InquireListOfTransactionInSequence' has been deployed from file : /home/wso2carbon/wso2mi-4.2.0/tmp/carbonapps/-1234/1729848560437WSO2MI-NBC-FCRCompositeExporter_1.0.0-SNAPSHOT.car/InquireListOfTransactionInSequence_1.0.0/InquireListOfTransactionInSequence-1.0.0.xml
[2024-10-25 12:29:21,130]  INFO {SequenceDeployer} - Sequence named 'ListCASAAccountDetailsInSequence' has been deployed from file : /home/wso2carbon/wso2mi-4.2.0/tmp/carbonapps/-1234/1729848560437WSO2MI-NBC-FCRCompositeExporter_1.0.0-SNAPSHOT.car/ListCASAAccountDetailsInSequence_1.0.0/ListCASAAccountDetailsInSequence-1.0.0.xml
[2024-10-25 12:29:21,132]  INFO {SequenceDeployer} - Sequence named 'MisCustDebitWithDRCRAmtDepDtlsInSequence' has been deployed from file : /home/wso2carbon/wso2mi-4.2.0/tmp/carbonapps/-1234/1729848560437WSO2MI-NBC-FCRCompositeExporter_1.0.0-SNAPSHOT.car/MisCustDebitWithDRCRAmtDepDtlsInSequence_1.0.0/MisCustDebitWithDRCRAmtDepDtlsInSequence-1.0.0.xml
[2024-10-25 12:29:21,133]  INFO {SequenceDeployer} - Sequence named 'ModifyStandingInstructionInSequence' has been deployed from file : /home/wso2carbon/wso2mi-4.2.0/tmp/carbonapps/-1234/1729848560437WSO2MI-NBC-FCRCompositeExporter_1.0.0-SNAPSHOT.car/ModifyStandingInstructionInSequence_1.0.0/ModifyStandingInstructionInSequence-1.0.0.xml
[2024-10-25 12:29:21,134]  INFO {SequenceDeployer} - Sequence named 'PayUtilityBillByAccountInSequence' has been deployed from file : /home/wso2carbon/wso2mi-4.2.0/tmp/carbonapps/-1234/1729848560437WSO2MI-NBC-FCRCompositeExporter_1.0.0-SNAPSHOT.car/PayUtilityBillByAccountInSequence_1.0.0/PayUtilityBillByAccountInSequence-1.0.0.xml
[2024-10-25 12:29:21,135]  INFO {SequenceDeployer} - Sequence named 'PayUtilityBillByAccountTIPSInSequence' has been deployed from file : /home/wso2carbon/wso2mi-4.2.0/tmp/carbonapps/-1234/1729848560437WSO2MI-NBC-FCRCompositeExporter_1.0.0-SNAPSHOT.car/PayUtilityBillByAccountTIPSInSequence_1.0.0/PayUtilityBillByAccountTIPSInSequence-1.0.0.xml
[2024-10-25 12:29:21,136]  INFO {SequenceDeployer} - Sequence named 'RequestChequeBookInSequence' has been deployed from file : /home/wso2carbon/wso2mi-4.2.0/tmp/carbonapps/-1234/1729848560437WSO2MI-NBC-FCRCompositeExporter_1.0.0-SNAPSHOT.car/RequestChequeBookInSequence_1.0.0/RequestChequeBookInSequence-1.0.0.xml
[2024-10-25 12:29:21,136]  INFO {SequenceDeployer} - Sequence named 'TransferFundsWithDRCRAmountInSequence' has been deployed from file : /home/wso2carbon/wso2mi-4.2.0/tmp/carbonapps/-1234/1729848560437WSO2MI-NBC-FCRCompositeExporter_1.0.0-SNAPSHOT.car/TransferFundsWithDRCRAmountInSequence_1.0.0/TransferFundsWithDRCRAmountInSequence-1.0.0.xml
[2024-10-25 12:29:21,137]  INFO {SequenceDeployer} - Sequence named 'UpdateAccountStatusForCASAInSequence' has been deployed from file : /home/wso2carbon/wso2mi-4.2.0/tmp/carbonapps/-1234/1729848560437WSO2MI-NBC-FCRCompositeExporter_1.0.0-SNAPSHOT.car/UpdateAccountStatusForCASAInSequence_1.0.0/UpdateAccountStatusForCASAInSequence-1.0.0.xml
[2024-10-25 12:29:21,143]  INFO {SequenceDeployer} - Sequence named 'WSO2MINBCFCRFaultSequence' has been deployed from file : /home/wso2carbon/wso2mi-4.2.0/tmp/carbonapps/-1234/1729848560437WSO2MI-NBC-FCRCompositeExporter_1.0.0-SNAPSHOT.car/WSO2MINBCFCRFaultSequence_1.0.0/WSO2MINBCFCRFaultSequence-1.0.0.xml
[2024-10-25 12:29:21,144]  INFO {SequenceDeployer} - Sequence named 'WSO2MINBCOutSequence' has been deployed from file : /home/wso2carbon/wso2mi-4.2.0/tmp/carbonapps/-1234/1729848560437WSO2MI-NBC-FCRCompositeExporter_1.0.0-SNAPSHOT.car/WSO2MINBCOutSequence_1.0.0/WSO2MINBCOutSequence-1.0.0.xml
[2024-10-25 12:29:21,145]  INFO {API} - {api:FCRAPI} Initializing API: FCRAPI
[2024-10-25 12:29:21,145]  INFO {APIDeployer} - API named 'FCRAPI' has been deployed from file : /home/wso2carbon/wso2mi-4.2.0/tmp/carbonapps/-1234/1729848560437WSO2MI-NBC-FCRCompositeExporter_1.0.0-SNAPSHOT.car/FCRAPI_1.0.0/FCRAPI-1.0.0.xml
[2024-10-25 12:29:21,145]  INFO {CappDeployer} - Successfully Deployed Carbon Application : WSO2MI-NBC-FCRCompositeExporter_1.0.0-SNAPSHOT{super-tenant}
[2024-10-25 12:29:21,146]  INFO {ServiceCatalogDeployer} - Executing Service Catalog deployer for CApp : WSO2MI-NBC-FCRCompositeExporter_1.0.0-SNAPSHOT.car
[2024-10-25 12:29:21,147] ERROR {ServiceCatalogUtils} - Could not create temporary files
[2024-10-25 12:29:21,334]  INFO {EndpointDeployer} - Endpoint named 'CustomerImageManagerSpiEP' has been deployed from file : /home/wso2carbon/wso2mi-4.2.0/tmp/carbonapps/-1234/1729848561146WSO2MIAccountOpeningFCRCompositeExporter_1.0.0.car/CustomerImageManagerSpiEP_1.0.0/CustomerImageManagerSpiEP-1.0.0.xml
[2024-10-25 12:29:21,335]  INFO {EndpointDeployer} - Endpoint named 'CustomerManagerSpiEP' has been deployed from file : /home/wso2carbon/wso2mi-4.2.0/tmp/carbonapps/-1234/1729848561146WSO2MIAccountOpeningFCRCompositeExporter_1.0.0.car/CustomerManagerSpiEP_1.0.0/CustomerManagerSpiEP-1.0.0.xml
[2024-10-25 12:29:21,336]  INFO {SequenceDeployer} - Sequence named 'AddCustomerImageInSequence' has been deployed from file : /home/wso2carbon/wso2mi-4.2.0/tmp/carbonapps/-1234/1729848561146WSO2MIAccountOpeningFCRCompositeExporter_1.0.0.car/AddCustomerImageInSequence_1.0.0/AddCustomerImageInSequence-1.0.0.xml
[2024-10-25 12:29:21,336]  INFO {SequenceDeployer} - Sequence named 'AddIndividualCorporateCustomerInSequence' has been deployed from file : /home/wso2carbon/wso2mi-4.2.0/tmp/carbonapps/-1234/1729848561146WSO2MIAccountOpeningFCRCompositeExporter_1.0.0.car/AddIndividualCorporateCustomerInSequence_1.0.0/AddIndividualCorporateCustomerInSequence-1.0.0.xml
[2024-10-25 12:29:21,347]  INFO {SequenceDeployer} - Sequence named 'DoDedupCustomerSearchInSequence' has been deployed from file : /home/wso2carbon/wso2mi-4.2.0/tmp/carbonapps/-1234/1729848561146WSO2MIAccountOpeningFCRCompositeExporter_1.0.0.car/DoDedupCustomerSearchInSequence_1.0.0/DoDedupCustomerSearchInSequence-1.0.0.xml
[2024-10-25 12:29:21,423]  INFO {SequenceDeployer} - Sequence named 'DoDedupCustomerSearchOutSequence' has been deployed from file : /home/wso2carbon/wso2mi-4.2.0/tmp/carbonapps/-1234/1729848561146WSO2MIAccountOpeningFCRCompositeExporter_1.0.0.car/DoDedupCustomerSearchOutSequence_1.0.0/DoDedupCustomerSearchOutSequence-1.0.0.xml
[2024-10-25 12:29:21,433]  INFO {SequenceDeployer} - Sequence named 'FaultSequence' has been deployed from file : /home/wso2carbon/wso2mi-4.2.0/tmp/carbonapps/-1234/1729848561146WSO2MIAccountOpeningFCRCompositeExporter_1.0.0.car/FaultSequence_1.0.0/FaultSequence-1.0.0.xml
[2024-10-25 12:29:21,434]  INFO {SequenceDeployer} - Sequence named 'InquireCustomerImageInSequence' has been deployed from file : /home/wso2carbon/wso2mi-4.2.0/tmp/carbonapps/-1234/1729848561146WSO2MIAccountOpeningFCRCompositeExporter_1.0.0.car/InquireCustomerImageInSequence_1.0.0/InquireCustomerImageInSequence-1.0.0.xml
[2024-10-25 12:29:21,435]  INFO {SequenceDeployer} - Sequence named 'InquireIndivdualCorporateCustWithAddInfoInSequence' has been deployed from file : /home/wso2carbon/wso2mi-4.2.0/tmp/carbonapps/-1234/1729848561146WSO2MIAccountOpeningFCRCompositeExporter_1.0.0.car/InquireIndivdualCorporateCustWithAddInfoInSequence_1.0.0/InquireIndivdualCorporateCustWithAddInfoInSequence-1.0.0.xml
[2024-10-25 12:29:21,436]  INFO {SequenceDeployer} - Sequence named 'ModifyCustomerForICInSequence' has been deployed from file : /home/wso2carbon/wso2mi-4.2.0/tmp/carbonapps/-1234/1729848561146WSO2MIAccountOpeningFCRCompositeExporter_1.0.0.car/ModifyCustomerForICInSequence_1.0.0/ModifyCustomerForICInSequence-1.0.0.xml
[2024-10-25 12:29:21,437]  INFO {SequenceDeployer} - Sequence named 'ModifyCustomerImageInSequence' has been deployed from file : /home/wso2carbon/wso2mi-4.2.0/tmp/carbonapps/-1234/1729848561146WSO2MIAccountOpeningFCRCompositeExporter_1.0.0.car/ModifyCustomerImageInSequence_1.0.0/ModifyCustomerImageInSequence-1.0.0.xml
[2024-10-25 12:29:21,438]  INFO {SequenceDeployer} - Sequence named 'ModifyCustomerInSequence' has been deployed from file : /home/wso2carbon/wso2mi-4.2.0/tmp/carbonapps/-1234/1729848561146WSO2MIAccountOpeningFCRCompositeExporter_1.0.0.car/ModifyCustomerInSequence_1.0.0/ModifyCustomerInSequence-1.0.0.xml
[2024-10-25 12:29:21,439]  INFO {SequenceDeployer} - Sequence named 'OutSequence' has been deployed from file : /home/wso2carbon/wso2mi-4.2.0/tmp/carbonapps/-1234/1729848561146WSO2MIAccountOpeningFCRCompositeExporter_1.0.0.car/OutSequence_1.0.0/OutSequence-1.0.0.xml
[2024-10-25 12:29:21,439]  INFO {API} - {api:AccountOpeningAPI} Initializing API: AccountOpeningAPI
[2024-10-25 12:29:21,440]  INFO {APIDeployer} - API named 'AccountOpeningAPI' has been deployed from file : /home/wso2carbon/wso2mi-4.2.0/tmp/carbonapps/-1234/1729848561146WSO2MIAccountOpeningFCRCompositeExporter_1.0.0.car/AccountOpeningAPI_1.0.0/AccountOpeningAPI-1.0.0.xml
[2024-10-25 12:29:21,440]  INFO {CappDeployer} - Successfully Deployed Carbon Application : WSO2MIAccountOpeningFCRCompositeExporter_1.0.0{super-tenant}
[2024-10-25 12:29:21,441]  INFO {ServiceCatalogDeployer} - Executing Service Catalog deployer for CApp : WSO2MIAccountOpeningFCRCompositeExporter_1.0.0.car
[2024-10-25 12:29:21,443]  INFO {EndpointDeployer} - Endpoint named 'inquireLoanAccount_Ep' has been deployed from file : /home/wso2carbon/wso2mi-4.2.0/tmp/carbonapps/-1234/1729848561440inquireLoanAccountCompositeExporter_1.0.0-SNAPSHOT.car/inquireLoanAccount_Ep_1.0.0/inquireLoanAccount_Ep-1.0.0.xml
[2024-10-25 12:29:21,526] ERROR {ServiceCatalogUtils} - Could not create temporary directories required for service catalog
[2024-10-25 12:29:21,527]  INFO {API} - {api:inquireLoanAccountAPI} Initializing API: inquireLoanAccountAPI
[2024-10-25 12:29:21,528]  INFO {APIDeployer} - API named 'inquireLoanAccountAPI' has been deployed from file : /home/wso2carbon/wso2mi-4.2.0/tmp/carbonapps/-1234/1729848561440inquireLoanAccountCompositeExporter_1.0.0-SNAPSHOT.car/inquireLoanAccountAPI_1.0.0/inquireLoanAccountAPI-1.0.0.xml
[2024-10-25 12:29:21,528]  INFO {CappDeployer} - Successfully Deployed Carbon Application : inquireLoanAccountCompositeExporter_1.0.0-SNAPSHOT{super-tenant}
[2024-10-25 12:29:21,529]  INFO {ServiceCatalogDeployer} - Executing Service Catalog deployer for CApp : inquireLoanAccountCompositeExporter_1.0.0-SNAPSHOT.car
[2024-10-25 12:29:21,636]  INFO {PassThroughListeningIOReactorManager} - Pass-through HTTP Listener started on 0.0.0.0:8290
[2024-10-25 12:29:21,639]  INFO {PassThroughListeningIOReactorManager} - Pass-through HTTPS Listener started on 0.0.0.0:8253
[2024-10-25 12:29:21,640]  INFO {StartupFinalizer} - WSO2 Micro Integrator started in 20.01 seconds
[2024-10-25 12:29:21,947]  INFO {ServiceCatalogUtils} - Successfully updated the service catalog
[2024-10-25 12:29:22,136] ERROR {ServiceCatalogUtils} - Could not create temporary files
[2024-10-25 12:29:22,224]  INFO {PassThroughListeningIOReactorManager} - Pass-through EI_INTERNAL_HTTP_INBOUND_ENDPOINT Listener started on 0.0.0.0:9201
[2024-10-25 12:29:22,339]  INFO {PassThroughListeningIOReactorManager} - Pass-through EI_INTERNAL_HTTPS_INBOUND_ENDPOINT Listener started on 0.0.0.0:9164
[2024-10-25 12:35:31,806]  INFO {LogMediator} - main sequence executed for call to non-existent = /loans/inquireLoansODAccountsOfCustomer
[2024-10-25 12:35:42,549]  INFO {LogMediator} - main sequence executed for call to non-existent = /loans/inquireLoansODAccountsOfCustomer
[2024-10-25 12:35:55,138]  INFO {LogMediator} - main sequence executed for call to non-existent = /loans/inquireLoansODAccountsOfCustomer
[2024-10-25 12:36:43,298]  INFO {LogMediator} - {api:LoansCustomerManager:v1.0.0} listAccountsOfCustomer = Start listAccountsOfCustomer --------------------
[2024-10-25 12:36:43,306]  INFO {LogMediator} - {api:LoansCustomerManager:v1.0.0} To: /customerManager/listAccountsOfCustomer, MessageID: urn:uuid:1e8ee68c-92d5-4cc6-9539-3b455b8f1b32, correlation_id: 8d400ba4-2adc-4df0-9c27-deb83fc6bf2d, Direction: request, Payload: {
  "listAccountsOfCustomer": {
    "sessionContext": {
      "bankCode": 15,
      "channel": "IBOC",
      "externalBatchNumber": 0,
      "externalReferenceNo": "",
      "externalSystemAuditTrailNumber": 0,
      "reason": {
        "comment": "",
        "reasonCode": 0
      },
      "supervisorContext": {
        "primaryPassword": "",
        "userId": ""
      },
      "transactionBranch": 1,
      "userId": "IFE",
      "userReferenceNumber": "",
      "valueDateText": ""
    },
    "customerId": 103694,
    "moduleType": ""
  }
}
[2024-10-25 12:36:43,338]  INFO {LogMediator} - {api:LoansCustomerManager:v1.0.0} To: /customerManager/listAccountsOfCustomer, MessageID: urn:uuid:1e8ee68c-92d5-4cc6-9539-3b455b8f1b32, correlation_id: 8d400ba4-2adc-4df0-9c27-deb83fc6bf2d, Direction: request, Envelope: <?xml version='1.0' encoding='utf-8'?><soapenv:Envelope xmlns:soapenv="http://schemas.xmlsoap.org/soap/envelope/" xmlns:con="http://context.app.fcr.iflex.com" xmlns:orm="http://orm.das.infra.fcr.iflex.com" xmlns:spi="http://spi.customer.app.fcr.iflex.com"><soapenv:Body><spi:listAccountsOfCustomer><spi:sessionContext><con:bankCode>15</con:bankCode><con:channel>IBOC</con:channel><con:externalBatchNumber>0</con:externalBatchNumber><con:externalReferenceNo/><con:externalSystemAuditTrailNumber>0</con:externalSystemAuditTrailNumber><con:localDateTimeText/><con:originalReferenceNo/><con:overridenWarnings/><con:postingDateText/><con:reason><con:comment/><con:reasonCode>0</con:reasonCode></con:reason><con:serviceCode/><con:sessionTicket/><con:supervisorContext><con:primaryPassword/><con:userId/></con:supervisorContext><con:transactionBranch>1</con:transactionBranch><con:userId>IFE</con:userId><con:userReferenceNumber/><con:valueDateText/></spi:sessionContext><spi:customerId>103694</spi:customerId><spi:moduleType/><spi:pageInformation><orm:pageNumber>1</orm:pageNumber><orm:pageSize>20</orm:pageSize></spi:pageInformation></spi:listAccountsOfCustomer></soapenv:Body></soapenv:Envelope>
[2024-10-25 12:36:43,634]  INFO {LogMediator} - {api:LoansCustomerManager:v1.0.0} --------- XML - BODY ---------- = null
[2024-10-25 12:36:43,638]  INFO {LogMediator} - {api:LoansCustomerManager:v1.0.0} To: /customerManager/listAccountsOfCustomer, MessageID: urn:uuid:1e8ee68c-92d5-4cc6-9539-3b455b8f1b32, correlation_id: 8d400ba4-2adc-4df0-9c27-deb83fc6bf2d, Direction: request, Envelope: <?xml version='1.0' encoding='utf-8'?><soapenv:Envelope xmlns:soapenv="http://schemas.xmlsoap.org/soap/envelope/" xmlns:xsd="http://www.w3.org/2001/XMLSchema" xmlns:xsi="http://www.w3.org/2001/XMLSchema-instance"><soapenv:Body><listAccountsOfCustomerResponse xmlns="http://spi.customer.app.fcr.iflex.com"><listAccountsOfCustomerReturn><ns1:status xmlns:ns1="http://dto.entity.fcr.iflex.com"><ns2:errorCode xmlns:ns2="http://transaction.entity.fcr.iflex.com">0</ns2:errorCode><ns3:extendedReply xmlns:ns3="http://transaction.entity.fcr.iflex.com"><ns4:messages xmlns:ns4="http://exception.infra.fcr.iflex.com" xsi:nil="true"/></ns3:extendedReply><ns5:externalReferenceNo xmlns:ns5="http://transaction.entity.fcr.iflex.com">99521231000100075376</ns5:externalReferenceNo><ns6:inputOverridenWarnings xmlns:ns6="http://transaction.entity.fcr.iflex.com"/><ns7:isOverriden xmlns:ns7="http://transaction.entity.fcr.iflex.com">false</ns7:isOverriden><ns8:isServiceChargeApplied xmlns:ns8="http://transaction.entity.fcr.iflex.com">false</ns8:isServiceChargeApplied><ns9:memo xmlns:ns9="http://transaction.entity.fcr.iflex.com" xsi:nil="true"/><ns10:replyCode xmlns:ns10="http://transaction.entity.fcr.iflex.com">0</ns10:replyCode><ns11:replyText xmlns:ns11="http://transaction.entity.fcr.iflex.com"/><ns12:spReturnValue xmlns:ns12="http://transaction.entity.fcr.iflex.com">0</ns12:spReturnValue><ns13:transactionDateTimeText xmlns:ns13="http://transaction.entity.fcr.iflex.com">20241025123643</ns13:transactionDateTimeText><ns14:userReferenceNumber xmlns:ns14="http://transaction.entity.fcr.iflex.com"/><ns15:validationErrors xmlns:ns15="http://transaction.entity.fcr.iflex.com" xsi:nil="true"/></ns1:status><ns16:customerId xmlns:ns16="http://dto.spi.customer.app.fcr.iflex.com">103694</ns16:customerId><ns17:detailsforCustomerDTOs xmlns:ns17="http://dto.spi.customer.app.fcr.iflex.com"><ns18:item xmlns:ns18="http://dto.customer.app.fcr.iflex.com"><ns18:accountId>021201050015    </ns18:accountId><ns18:accountTitle>COD_ACCT_TITLE_021201050015    </ns18:accountTitle><ns18:acyAmount>16207154.78</ns18:acyAmount><ns18:balanceBook>16207154.78</ns18:balanceBook><ns18:billAmount>0.00</ns18:billAmount><ns18:branchCode>21</ns18:branchCode><ns18:branchName>ZANZIBAR BRANCH</ns18:branchName><ns18:classification>NORMAL</ns18:classification><ns18:codGroupId xsi:nil="true"/><ns18:ctrLoanTerm xsi:nil="true"/><ns18:currencyCode>100</ns18:currencyCode><ns18:currencyShortName>TZS</ns18:currencyShortName><ns18:currentStatus>8</ns18:currentStatus><ns18:currentStatusDescription>REGULAR</ns18:currentStatusDescription><ns18:customerRelationship>SOW</ns18:customerRelationship><ns18:datBooking xsi:nil="true"/><ns18:datMaturity><ns19:monthDate xmlns:ns19="http://datatype.fcr.iflex.com">0</ns19:monthDate><ns20:monthDateTime xmlns:ns20="http://datatype.fcr.iflex.com">0</ns20:monthDateTime><ns21:mutable xmlns:ns21="http://datatype.fcr.iflex.com">false</ns21:mutable><ns22:time xmlns:ns22="http://datatype.fcr.iflex.com">0</ns22:time><ns23:timestamp xmlns:ns23="http://datatype.fcr.iflex.com" xsi:nil="true"/><ns24:year xmlns:ns24="http://datatype.fcr.iflex.com">0</ns24:year><ns25:yearMonthDate xmlns:ns25="http://datatype.fcr.iflex.com">0</ns25:yearMonthDate></ns18:datMaturity><ns18:depositNo>0</ns18:depositNo><ns18:emiAmount>0.00</ns18:emiAmount><ns18:emiDate xsi:nil="true"/><ns18:externalAccountId xsi:nil="true"/><ns18:flgRepaymentMode xsi:nil="true"/><ns18:futureDatedAmount>0.00</ns18:futureDatedAmount><ns18:hasChequeBookFacility>true</ns18:hasChequeBookFacility><ns18:interestRate>5.0</ns18:interestRate><ns18:lcyAmount>16207154.78</ns18:lcyAmount><ns18:loanApplicationNumber xsi:nil="true"/><ns18:moduleCode>C</ns18:moduleCode><ns18:netBanking>true</ns18:netBanking><ns18:nextAmt xsi:nil="true"/><ns18:originalBalance>0.00</ns18:originalBalance><ns18:originalDepositNo>0</ns18:originalDepositNo><ns18:overdraftLimit>0.0</ns18:overdraftLimit><ns18:pledgeAmount xsi:nil="true"/><ns18:pledgeIndicator xsi:nil="true"/><ns18:princAmt xsi:nil="true"/><ns18:productCode>201</ns18:productCode><ns18:productName>TRAN SAVE</ns18:productName><ns18:reason>UNBLOCKED </ns18:reason><ns18:safeDepositBoxId>0</ns18:safeDepositBoxId><ns18:tdTenor xsi:nil="true"/><ns18:totalAcyAmount>19964354.78</ns18:totalAcyAmount><ns18:totalLcyAmount>19964354.78</ns18:totalLcyAmount><ns18:unclearFunds>0.00</ns18:unclearFunds><ns18:applicantName xsi:nil="true"/><ns18:beneficiaryName xsi:nil="true"/><ns18:characteristics xsi:nil="true"/><ns18:draweeName xsi:nil="true"/><ns18:drawerName xsi:nil="true"/><ns18:negativeTolerance xsi:nil="true"/><ns18:ourLCReference xsi:nil="true"/><ns18:positiveTolerance xsi:nil="true"/></ns18:item><ns26:item xmlns:ns26="http://dto.customer.app.fcr.iflex.com"><ns26:accountId>021205003233    </ns26:accountId><ns26:accountTitle>JOEL SABAYA</ns26:accountTitle><ns26:acyAmount>3757200.00</ns26:acyAmount><ns26:balanceBook>3757200.00</ns26:balanceBook><ns26:billAmount>0.00</ns26:billAmount><ns26:branchCode>21</ns26:branchCode><ns26:branchName>ZANZIBAR BRANCH</ns26:branchName><ns26:classification>NORMAL</ns26:classification><ns26:codGroupId xsi:nil="true"/><ns26:ctrLoanTerm xsi:nil="true"/><ns26:currencyCode>100</ns26:currencyCode><ns26:currencyShortName>TZS</ns26:currencyShortName><ns26:currentStatus>8</ns26:currentStatus><ns26:currentStatusDescription>REGULAR</ns26:currentStatusDescription><ns26:customerRelationship>SOW</ns26:customerRelationship><ns26:datBooking xsi:nil="true"/><ns26:datMaturity><ns27:monthDate xmlns:ns27="http://datatype.fcr.iflex.com">0</ns27:monthDate><ns28:monthDateTime xmlns:ns28="http://datatype.fcr.iflex.com">0</ns28:monthDateTime><ns29:mutable xmlns:ns29="http://datatype.fcr.iflex.com">false</ns29:mutable><ns30:time xmlns:ns30="http://datatype.fcr.iflex.com">0</ns30:time><ns31:timestamp xmlns:ns31="http://datatype.fcr.iflex.com" xsi:nil="true"/><ns32:year xmlns:ns32="http://datatype.fcr.iflex.com">0</ns32:year><ns33:yearMonthDate xmlns:ns33="http://datatype.fcr.iflex.com">0</ns33:yearMonthDate></ns26:datMaturity><ns26:depositNo>0</ns26:depositNo><ns26:emiAmount>0.00</ns26:emiAmount><ns26:emiDate xsi:nil="true"/><ns26:externalAccountId xsi:nil="true"/><ns26:flgRepaymentMode xsi:nil="true"/><ns26:futureDatedAmount>0.00</ns26:futureDatedAmount><ns26:hasChequeBookFacility>false</ns26:hasChequeBookFacility><ns26:interestRate>0.0</ns26:interestRate><ns26:lcyAmount>3757200.00</ns26:lcyAmount><ns26:loanApplicationNumber xsi:nil="true"/><ns26:moduleCode>C</ns26:moduleCode><ns26:netBanking>false</ns26:netBanking><ns26:nextAmt xsi:nil="true"/><ns26:originalBalance>0.00</ns26:originalBalance><ns26:originalDepositNo>0</ns26:originalDepositNo><ns26:overdraftLimit>0.0</ns26:overdraftLimit><ns26:pledgeAmount xsi:nil="true"/><ns26:pledgeIndicator xsi:nil="true"/><ns26:princAmt xsi:nil="true"/><ns26:productCode>205</ns26:productCode><ns26:productName>CASA GROUP LOAN</ns26:productName><ns26:reason>UNBLOCKED </ns26:reason><ns26:safeDepositBoxId>0</ns26:safeDepositBoxId><ns26:tdTenor xsi:nil="true"/><ns26:totalAcyAmount>19964354.78</ns26:totalAcyAmount><ns26:totalLcyAmount>19964354.78</ns26:totalLcyAmount><ns26:unclearFunds>0.00</ns26:unclearFunds><ns26:applicantName xsi:nil="true"/><ns26:beneficiaryName xsi:nil="true"/><ns26:characteristics xsi:nil="true"/><ns26:draweeName xsi:nil="true"/><ns26:drawerName xsi:nil="true"/><ns26:negativeTolerance xsi:nil="true"/><ns26:ourLCReference xsi:nil="true"/><ns26:positiveTolerance xsi:nil="true"/></ns26:item><ns34:item xmlns:ns34="http://dto.customer.app.fcr.iflex.com"><ns34:accountId>021450000392    </ns34:accountId><ns34:accountTitle>GROUP LOANS SCHEME</ns34:accountTitle><ns34:acyAmount>3776500.66</ns34:acyAmount><ns34:balanceBook>0.00</ns34:balanceBook><ns34:billAmount>0.00</ns34:billAmount><ns34:branchCode>21</ns34:branchCode><ns34:branchName>ZANZIBAR BRANCH</ns34:branchName><ns34:classification>NORMAL</ns34:classification><ns34:codGroupId xsi:nil="true"/><ns34:ctrLoanTerm xsi:nil="true"/><ns34:currencyCode>100</ns34:currencyCode><ns34:currencyShortName>TZS</ns34:currencyShortName><ns34:currentStatus>8</ns34:currentStatus><ns34:currentStatusDescription>OPEN REGULAR</ns34:currentStatusDescription><ns34:customerRelationship>SOW</ns34:customerRelationship><ns34:datBooking xsi:nil="true"/><ns34:datMaturity><ns35:monthDate xmlns:ns35="http://datatype.fcr.iflex.com">1005</ns35:monthDate><ns36:monthDateTime xmlns:ns36="http://datatype.fcr.iflex.com">1005000000</ns36:monthDateTime><ns37:mutable xmlns:ns37="http://datatype.fcr.iflex.com">false</ns37:mutable><ns38:time xmlns:ns38="http://datatype.fcr.iflex.com">0</ns38:time><ns39:timestamp xmlns:ns39="http://datatype.fcr.iflex.com">2031-10-04T21:00:00.000Z</ns39:timestamp><ns40:year xmlns:ns40="http://datatype.fcr.iflex.com">2031</ns40:year><ns41:yearMonthDate xmlns:ns41="http://datatype.fcr.iflex.com">20311005</ns41:yearMonthDate></ns34:datMaturity><ns34:depositNo>0</ns34:depositNo><ns34:emiAmount>71400.00</ns34:emiAmount><ns34:emiDate xsi:nil="true"/><ns34:externalAccountId xsi:nil="true"/><ns34:flgRepaymentMode xsi:nil="true"/><ns34:futureDatedAmount>0.00</ns34:futureDatedAmount><ns34:hasChequeBookFacility>false</ns34:hasChequeBookFacility><ns34:interestRate>18.0</ns34:interestRate><ns34:lcyAmount>3776500.66</ns34:lcyAmount><ns34:loanApplicationNumber xsi:nil="true"/><ns34:moduleCode>L</ns34:moduleCode><ns34:netBanking>true</ns34:netBanking><ns34:nextAmt xsi:nil="true"/><ns34:originalBalance>3806601.66</ns34:originalBalance><ns34:originalDepositNo>0</ns34:originalDepositNo><ns34:overdraftLimit>0.0</ns34:overdraftLimit><ns34:pledgeAmount xsi:nil="true"/><ns34:pledgeIndicator xsi:nil="true"/><ns34:princAmt xsi:nil="true"/><ns34:productCode>450</ns34:productCode><ns34:productName>GROUP LOANS SCHEME</ns34:productName><ns34:reason>          </ns34:reason><ns34:safeDepositBoxId>0</ns34:safeDepositBoxId><ns34:tdTenor xsi:nil="true"/><ns34:totalAcyAmount>11725015.41</ns34:totalAcyAmount><ns34:totalLcyAmount>11725015.41</ns34:totalLcyAmount><ns34:unclearFunds>0.00</ns34:unclearFunds><ns34:applicantName xsi:nil="true"/><ns34:beneficiaryName xsi:nil="true"/><ns34:characteristics xsi:nil="true"/><ns34:draweeName xsi:nil="true"/><ns34:drawerName xsi:nil="true"/><ns34:negativeTolerance xsi:nil="true"/><ns34:ourLCReference xsi:nil="true"/><ns34:positiveTolerance xsi:nil="true"/></ns34:item><ns42:item xmlns:ns42="http://dto.customer.app.fcr.iflex.com"><ns42:accountId>021450000406    </ns42:accountId><ns42:accountTitle>GROUP LOANS SCHEME</ns42:accountTitle><ns42:acyAmount>3776500.66</ns42:acyAmount><ns42:balanceBook>0.00</ns42:balanceBook><ns42:billAmount>0.00</ns42:billAmount><ns42:branchCode>21</ns42:branchCode><ns42:branchName>ZANZIBAR BRANCH</ns42:branchName><ns42:classification>NORMAL</ns42:classification><ns42:codGroupId xsi:nil="true"/><ns42:ctrLoanTerm xsi:nil="true"/><ns42:currencyCode>100</ns42:currencyCode><ns42:currencyShortName>TZS</ns42:currencyShortName><ns42:currentStatus>8</ns42:currentStatus><ns42:currentStatusDescription>OPEN REGULAR</ns42:currentStatusDescription><ns42:customerRelationship>SOW</ns42:customerRelationship><ns42:datBooking xsi:nil="true"/><ns42:datMaturity><ns43:monthDate xmlns:ns43="http://datatype.fcr.iflex.com">1005</ns43:monthDate><ns44:monthDateTime xmlns:ns44="http://datatype.fcr.iflex.com">1005000000</ns44:monthDateTime><ns45:mutable xmlns:ns45="http://datatype.fcr.iflex.com">false</ns45:mutable><ns46:time xmlns:ns46="http://datatype.fcr.iflex.com">0</ns46:time><ns47:timestamp xmlns:ns47="http://datatype.fcr.iflex.com">2031-10-04T21:00:00.000Z</ns47:timestamp><ns48:year xmlns:ns48="http://datatype.fcr.iflex.com">2031</ns48:year><ns49:yearMonthDate xmlns:ns49="http://datatype.fcr.iflex.com">20311005</ns49:yearMonthDate></ns42:datMaturity><ns42:depositNo>0</ns42:depositNo><ns42:emiAmount>71400.00</ns42:emiAmount><ns42:emiDate xsi:nil="true"/><ns42:externalAccountId xsi:nil="true"/><ns42:flgRepaymentMode xsi:nil="true"/><ns42:futureDatedAmount>0.00</ns42:futureDatedAmount><ns42:hasChequeBookFacility>false</ns42:hasChequeBookFacility><ns42:interestRate>18.0</ns42:interestRate><ns42:lcyAmount>3776500.66</ns42:lcyAmount><ns42:loanApplicationNumber xsi:nil="true"/><ns42:moduleCode>L</ns42:moduleCode><ns42:netBanking>true</ns42:netBanking><ns42:nextAmt xsi:nil="true"/><ns42:originalBalance>3806601.66</ns42:originalBalance><ns42:originalDepositNo>0</ns42:originalDepositNo><ns42:overdraftLimit>0.0</ns42:overdraftLimit><ns42:pledgeAmount xsi:nil="true"/><ns42:pledgeIndicator xsi:nil="true"/><ns42:princAmt xsi:nil="true"/><ns42:productCode>450</ns42:productCode><ns42:productName>GROUP LOANS SCHEME</ns42:productName><ns42:reason>          </ns42:reason><ns42:safeDepositBoxId>0</ns42:safeDepositBoxId><ns42:tdTenor xsi:nil="true"/><ns42:totalAcyAmount>11725015.41</ns42:totalAcyAmount><ns42:totalLcyAmount>11725015.41</ns42:totalLcyAmount><ns42:unclearFunds>0.00</ns42:unclearFunds><ns42:applicantName xsi:nil="true"/><ns42:beneficiaryName xsi:nil="true"/><ns42:characteristics xsi:nil="true"/><ns42:draweeName xsi:nil="true"/><ns42:drawerName xsi:nil="true"/><ns42:negativeTolerance xsi:nil="true"/><ns42:ourLCReference xsi:nil="true"/><ns42:positiveTolerance xsi:nil="true"/></ns42:item><ns50:item xmlns:ns50="http://dto.customer.app.fcr.iflex.com"><ns50:accountId>021450000414    </ns50:accountId><ns50:accountTitle>GROUP LOANS SCHEME</ns50:accountTitle><ns50:acyAmount>0.00</ns50:acyAmount><ns50:balanceBook>0.00</ns50:balanceBook><ns50:billAmount>0.00</ns50:billAmount><ns50:branchCode>21</ns50:branchCode><ns50:branchName>ZANZIBAR BRANCH</ns50:branchName><ns50:classification>NORMAL</ns50:classification><ns50:codGroupId xsi:nil="true"/><ns50:ctrLoanTerm xsi:nil="true"/><ns50:currencyCode>100</ns50:currencyCode><ns50:currencyShortName>TZS</ns50:currencyShortName><ns50:currentStatus>6</ns50:currentStatus><ns50:currentStatusDescription>OPENED TODAY</ns50:currentStatusDescription><ns50:customerRelationship>SOW</ns50:customerRelationship><ns50:datBooking xsi:nil="true"/><ns50:datMaturity><ns51:monthDate xmlns:ns51="http://datatype.fcr.iflex.com">101</ns51:monthDate><ns52:monthDateTime xmlns:ns52="http://datatype.fcr.iflex.com">101000000</ns52:monthDateTime><ns53:mutable xmlns:ns53="http://datatype.fcr.iflex.com">false</ns53:mutable><ns54:time xmlns:ns54="http://datatype.fcr.iflex.com">0</ns54:time><ns55:timestamp xmlns:ns55="http://datatype.fcr.iflex.com">1949-12-31T21:15:00.000Z</ns55:timestamp><ns56:year xmlns:ns56="http://datatype.fcr.iflex.com">1950</ns56:year><ns57:yearMonthDate xmlns:ns57="http://datatype.fcr.iflex.com">19500101</ns57:yearMonthDate></ns50:datMaturity><ns50:depositNo>0</ns50:depositNo><ns50:emiAmount>0.00</ns50:emiAmount><ns50:emiDate xsi:nil="true"/><ns50:externalAccountId xsi:nil="true"/><ns50:flgRepaymentMode xsi:nil="true"/><ns50:futureDatedAmount>0.00</ns50:futureDatedAmount><ns50:hasChequeBookFacility>false</ns50:hasChequeBookFacility><ns50:interestRate>0.0</ns50:interestRate><ns50:lcyAmount>0.00</ns50:lcyAmount><ns50:loanApplicationNumber xsi:nil="true"/><ns50:moduleCode>L</ns50:moduleCode><ns50:netBanking>true</ns50:netBanking><ns50:nextAmt xsi:nil="true"/><ns50:originalBalance>4172014.09</ns50:originalBalance><ns50:originalDepositNo>0</ns50:originalDepositNo><ns50:overdraftLimit>0.0</ns50:overdraftLimit><ns50:pledgeAmount xsi:nil="true"/><ns50:pledgeIndicator xsi:nil="true"/><ns50:princAmt xsi:nil="true"/><ns50:productCode>450</ns50:productCode><ns50:productName>GROUP LOANS SCHEME</ns50:productName><ns50:reason>          </ns50:reason><ns50:safeDepositBoxId>0</ns50:safeDepositBoxId><ns50:tdTenor xsi:nil="true"/><ns50:totalAcyAmount>11725015.41</ns50:totalAcyAmount><ns50:totalLcyAmount>11725015.41</ns50:totalLcyAmount><ns50:unclearFunds>0.00</ns50:unclearFunds><ns50:applicantName xsi:nil="true"/><ns50:beneficiaryName xsi:nil="true"/><ns50:characteristics xsi:nil="true"/><ns50:draweeName xsi:nil="true"/><ns50:drawerName xsi:nil="true"/><ns50:negativeTolerance xsi:nil="true"/><ns50:ourLCReference xsi:nil="true"/><ns50:positiveTolerance xsi:nil="true"/></ns50:item><ns58:item xmlns:ns58="http://dto.customer.app.fcr.iflex.com"><ns58:accountId>021450000422    </ns58:accountId><ns58:accountTitle>GROUP LOANS SCHEME</ns58:accountTitle><ns58:acyAmount>4172014.09</ns58:acyAmount><ns58:balanceBook>0.00</ns58:balanceBook><ns58:billAmount>0.00</ns58:billAmount><ns58:branchCode>21</ns58:branchCode><ns58:branchName>ZANZIBAR BRANCH</ns58:branchName><ns58:classification>NORMAL</ns58:classification><ns58:codGroupId xsi:nil="true"/><ns58:ctrLoanTerm xsi:nil="true"/><ns58:currencyCode>100</ns58:currencyCode><ns58:currencyShortName>TZS</ns58:currencyShortName><ns58:currentStatus>8</ns58:currentStatus><ns58:currentStatusDescription>OPEN REGULAR</ns58:currentStatusDescription><ns58:customerRelationship>SOW</ns58:customerRelationship><ns58:datBooking xsi:nil="true"/><ns58:datMaturity><ns59:monthDate xmlns:ns59="http://datatype.fcr.iflex.com">1105</ns59:monthDate><ns60:monthDateTime xmlns:ns60="http://datatype.fcr.iflex.com">1105000000</ns60:monthDateTime><ns61:mutable xmlns:ns61="http://datatype.fcr.iflex.com">false</ns61:mutable><ns62:time xmlns:ns62="http://datatype.fcr.iflex.com">0</ns62:time><ns63:timestamp xmlns:ns63="http://datatype.fcr.iflex.com">2031-11-04T21:00:00.000Z</ns63:timestamp><ns64:year xmlns:ns64="http://datatype.fcr.iflex.com">2031</ns64:year><ns65:yearMonthDate xmlns:ns65="http://datatype.fcr.iflex.com">20311105</ns65:yearMonthDate></ns58:datMaturity><ns58:depositNo>0</ns58:depositNo><ns58:emiAmount>78254.00</ns58:emiAmount><ns58:emiDate xsi:nil="true"/><ns58:externalAccountId xsi:nil="true"/><ns58:flgRepaymentMode xsi:nil="true"/><ns58:futureDatedAmount>0.00</ns58:futureDatedAmount><ns58:hasChequeBookFacility>false</ns58:hasChequeBookFacility><ns58:interestRate>18.0</ns58:interestRate><ns58:lcyAmount>4172014.09</ns58:lcyAmount><ns58:loanApplicationNumber xsi:nil="true"/><ns58:moduleCode>L</ns58:moduleCode><ns58:netBanking>true</ns58:netBanking><ns58:nextAmt xsi:nil="true"/><ns58:originalBalance>4172014.09</ns58:originalBalance><ns58:originalDepositNo>0</ns58:originalDepositNo><ns58:overdraftLimit>0.0</ns58:overdraftLimit><ns58:pledgeAmount xsi:nil="true"/><ns58:pledgeIndicator xsi:nil="true"/><ns58:princAmt xsi:nil="true"/><ns58:productCode>450</ns58:productCode><ns58:productName>GROUP LOANS SCHEME</ns58:productName><ns58:reason>          </ns58:reason><ns58:safeDepositBoxId>0</ns58:safeDepositBoxId><ns58:tdTenor xsi:nil="true"/><ns58:totalAcyAmount>11725015.41</ns58:totalAcyAmount><ns58:totalLcyAmount>11725015.41</ns58:totalLcyAmount><ns58:unclearFunds>0.00</ns58:unclearFunds><ns58:applicantName xsi:nil="true"/><ns58:beneficiaryName xsi:nil="true"/><ns58:characteristics xsi:nil="true"/><ns58:draweeName xsi:nil="true"/><ns58:drawerName xsi:nil="true"/><ns58:negativeTolerance xsi:nil="true"/><ns58:ourLCReference xsi:nil="true"/><ns58:positiveTolerance xsi:nil="true"/></ns58:item><ns66:item xmlns:ns66="http://dto.customer.app.fcr.iflex.com"><ns66:accountId>021450000430    </ns66:accountId><ns66:accountTitle>GROUP LOANS SCHEME</ns66:accountTitle><ns66:acyAmount>0.00</ns66:acyAmount><ns66:balanceBook>0.00</ns66:balanceBook><ns66:billAmount>0.00</ns66:billAmount><ns66:branchCode>21</ns66:branchCode><ns66:branchName>ZANZIBAR BRANCH</ns66:branchName><ns66:classification>NORMAL</ns66:classification><ns66:codGroupId xsi:nil="true"/><ns66:ctrLoanTerm xsi:nil="true"/><ns66:currencyCode>100</ns66:currencyCode><ns66:currencyShortName>TZS</ns66:currencyShortName><ns66:currentStatus>6</ns66:currentStatus><ns66:currentStatusDescription>OPENED TODAY</ns66:currentStatusDescription><ns66:customerRelationship>SOW</ns66:customerRelationship><ns66:datBooking xsi:nil="true"/><ns66:datMaturity><ns67:monthDate xmlns:ns67="http://datatype.fcr.iflex.com">101</ns67:monthDate><ns68:monthDateTime xmlns:ns68="http://datatype.fcr.iflex.com">101000000</ns68:monthDateTime><ns69:mutable xmlns:ns69="http://datatype.fcr.iflex.com">false</ns69:mutable><ns70:time xmlns:ns70="http://datatype.fcr.iflex.com">0</ns70:time><ns71:timestamp xmlns:ns71="http://datatype.fcr.iflex.com">1949-12-31T21:15:00.000Z</ns71:timestamp><ns72:year xmlns:ns72="http://datatype.fcr.iflex.com">1950</ns72:year><ns73:yearMonthDate xmlns:ns73="http://datatype.fcr.iflex.com">19500101</ns73:yearMonthDate></ns66:datMaturity><ns66:depositNo>0</ns66:depositNo><ns66:emiAmount>0.00</ns66:emiAmount><ns66:emiDate xsi:nil="true"/><ns66:externalAccountId xsi:nil="true"/><ns66:flgRepaymentMode xsi:nil="true"/><ns66:futureDatedAmount>0.00</ns66:futureDatedAmount><ns66:hasChequeBookFacility>false</ns66:hasChequeBookFacility><ns66:interestRate>0.0</ns66:interestRate><ns66:lcyAmount>0.00</ns66:lcyAmount><ns66:loanApplicationNumber xsi:nil="true"/><ns66:moduleCode>L</ns66:moduleCode><ns66:netBanking>true</ns66:netBanking><ns66:nextAmt xsi:nil="true"/><ns66:originalBalance>4172014.09</ns66:originalBalance><ns66:originalDepositNo>0</ns66:originalDepositNo><ns66:overdraftLimit>0.0</ns66:overdraftLimit><ns66:pledgeAmount xsi:nil="true"/><ns66:pledgeIndicator xsi:nil="true"/><ns66:princAmt xsi:nil="true"/><ns66:productCode>450</ns66:productCode><ns66:productName>GROUP LOANS SCHEME</ns66:productName><ns66:reason>          </ns66:reason><ns66:safeDepositBoxId>0</ns66:safeDepositBoxId><ns66:tdTenor xsi:nil="true"/><ns66:totalAcyAmount>11725015.41</ns66:totalAcyAmount><ns66:totalLcyAmount>11725015.41</ns66:totalLcyAmount><ns66:unclearFunds>0.00</ns66:unclearFunds><ns66:applicantName xsi:nil="true"/><ns66:beneficiaryName xsi:nil="true"/><ns66:characteristics xsi:nil="true"/><ns66:draweeName xsi:nil="true"/><ns66:drawerName xsi:nil="true"/><ns66:negativeTolerance xsi:nil="true"/><ns66:ourLCReference xsi:nil="true"/><ns66:positiveTolerance xsi:nil="true"/></ns66:item><ns74:item xmlns:ns74="http://dto.customer.app.fcr.iflex.com"><ns74:accountId>021450000449    </ns74:accountId><ns74:accountTitle>GROUP LOANS SCHEME</ns74:accountTitle><ns74:acyAmount>0.00</ns74:acyAmount><ns74:balanceBook>0.00</ns74:balanceBook><ns74:billAmount>0.00</ns74:billAmount><ns74:branchCode>21</ns74:branchCode><ns74:branchName>ZANZIBAR BRANCH</ns74:branchName><ns74:classification>NORMAL</ns74:classification><ns74:codGroupId xsi:nil="true"/><ns74:ctrLoanTerm xsi:nil="true"/><ns74:currencyCode>100</ns74:currencyCode><ns74:currencyShortName>TZS</ns74:currencyShortName><ns74:currentStatus>6</ns74:currentStatus><ns74:currentStatusDescription>OPENED TODAY</ns74:currentStatusDescription><ns74:customerRelationship>SOW</ns74:customerRelationship><ns74:datBooking xsi:nil="true"/><ns74:datMaturity><ns75:monthDate xmlns:ns75="http://datatype.fcr.iflex.com">205</ns75:monthDate><ns76:monthDateTime xmlns:ns76="http://datatype.fcr.iflex.com">205000000</ns76:monthDateTime><ns77:mutable xmlns:ns77="http://datatype.fcr.iflex.com">false</ns77:mutable><ns78:time xmlns:ns78="http://datatype.fcr.iflex.com">0</ns78:time><ns79:timestamp xmlns:ns79="http://datatype.fcr.iflex.com">2032-02-04T21:00:00.000Z</ns79:timestamp><ns80:year xmlns:ns80="http://datatype.fcr.iflex.com">2032</ns80:year><ns81:yearMonthDate xmlns:ns81="http://datatype.fcr.iflex.com">20320205</ns81:yearMonthDate></ns74:datMaturity><ns74:depositNo>0</ns74:depositNo><ns74:emiAmount>74068.00</ns74:emiAmount><ns74:emiDate xsi:nil="true"/><ns74:externalAccountId xsi:nil="true"/><ns74:flgRepaymentMode xsi:nil="true"/><ns74:futureDatedAmount>0.00</ns74:futureDatedAmount><ns74:hasChequeBookFacility>false</ns74:hasChequeBookFacility><ns74:interestRate>18.0</ns74:interestRate><ns74:lcyAmount>0.00</ns74:lcyAmount><ns74:loanApplicationNumber xsi:nil="true"/><ns74:moduleCode>L</ns74:moduleCode><ns74:netBanking>true</ns74:netBanking><ns74:nextAmt xsi:nil="true"/><ns74:originalBalance>4172014.09</ns74:originalBalance><ns74:originalDepositNo>0</ns74:originalDepositNo><ns74:overdraftLimit>0.0</ns74:overdraftLimit><ns74:pledgeAmount xsi:nil="true"/><ns74:pledgeIndicator xsi:nil="true"/><ns74:princAmt xsi:nil="true"/><ns74:productCode>450</ns74:productCode><ns74:productName>GROUP LOANS SCHEME</ns74:productName><ns74:reason>          </ns74:reason><ns74:safeDepositBoxId>0</ns74:safeDepositBoxId><ns74:tdTenor xsi:nil="true"/><ns74:totalAcyAmount>11725015.41</ns74:totalAcyAmount><ns74:totalLcyAmount>11725015.41</ns74:totalLcyAmount><ns74:unclearFunds>0.00</ns74:unclearFunds><ns74:applicantName xsi:nil="true"/><ns74:beneficiaryName xsi:nil="true"/><ns74:characteristics xsi:nil="true"/><ns74:draweeName xsi:nil="true"/><ns74:drawerName xsi:nil="true"/><ns74:negativeTolerance xsi:nil="true"/><ns74:ourLCReference xsi:nil="true"/><ns74:positiveTolerance xsi:nil="true"/></ns74:item><ns82:item xmlns:ns82="http://dto.customer.app.fcr.iflex.com"><ns82:accountId>021450000457    </ns82:accountId><ns82:accountTitle>GROUP LOANS SCHEME</ns82:accountTitle><ns82:acyAmount>0.00</ns82:acyAmount><ns82:balanceBook>0.00</ns82:balanceBook><ns82:billAmount>0.00</ns82:billAmount><ns82:branchCode>21</ns82:branchCode><ns82:branchName>ZANZIBAR BRANCH</ns82:branchName><ns82:classification>NORMAL</ns82:classification><ns82:codGroupId xsi:nil="true"/><ns82:ctrLoanTerm xsi:nil="true"/><ns82:currencyCode>100</ns82:currencyCode><ns82:currencyShortName>TZS</ns82:currencyShortName><ns82:currentStatus>6</ns82:currentStatus><ns82:currentStatusDescription>OPENED TODAY</ns82:currentStatusDescription><ns82:customerRelationship>SOW</ns82:customerRelationship><ns82:datBooking xsi:nil="true"/><ns82:datMaturity><ns83:monthDate xmlns:ns83="http://datatype.fcr.iflex.com">205</ns83:monthDate><ns84:monthDateTime xmlns:ns84="http://datatype.fcr.iflex.com">205000000</ns84:monthDateTime><ns85:mutable xmlns:ns85="http://datatype.fcr.iflex.com">false</ns85:mutable><ns86:time xmlns:ns86="http://datatype.fcr.iflex.com">0</ns86:time><ns87:timestamp xmlns:ns87="http://datatype.fcr.iflex.com">2032-02-04T21:00:00.000Z</ns87:timestamp><ns88:year xmlns:ns88="http://datatype.fcr.iflex.com">2032</ns88:year><ns89:yearMonthDate xmlns:ns89="http://datatype.fcr.iflex.com">20320205</ns89:yearMonthDate></ns82:datMaturity><ns82:depositNo>0</ns82:depositNo><ns82:emiAmount>74068.00</ns82:emiAmount><ns82:emiDate xsi:nil="true"/><ns82:externalAccountId xsi:nil="true"/><ns82:flgRepaymentMode xsi:nil="true"/><ns82:futureDatedAmount>0.00</ns82:futureDatedAmount><ns82:hasChequeBookFacility>false</ns82:hasChequeBookFacility><ns82:interestRate>18.0</ns82:interestRate><ns82:lcyAmount>0.00</ns82:lcyAmount><ns82:loanApplicationNumber xsi:nil="true"/><ns82:moduleCode>L</ns82:moduleCode><ns82:netBanking>true</ns82:netBanking><ns82:nextAmt xsi:nil="true"/><ns82:originalBalance>4172014.09</ns82:originalBalance><ns82:originalDepositNo>0</ns82:originalDepositNo><ns82:overdraftLimit>0.0</ns82:overdraftLimit><ns82:pledgeAmount xsi:nil="true"/><ns82:pledgeIndicator xsi:nil="true"/><ns82:princAmt xsi:nil="true"/><ns82:productCode>450</ns82:productCode><ns82:productName>GROUP LOANS SCHEME</ns82:productName><ns82:reason>          </ns82:reason><ns82:safeDepositBoxId>0</ns82:safeDepositBoxId><ns82:tdTenor xsi:nil="true"/><ns82:totalAcyAmount>11725015.41</ns82:totalAcyAmount><ns82:totalLcyAmount>11725015.41</ns82:totalLcyAmount><ns82:unclearFunds>0.00</ns82:unclearFunds><ns82:applicantName xsi:nil="true"/><ns82:beneficiaryName xsi:nil="true"/><ns82:characteristics xsi:nil="true"/><ns82:draweeName xsi:nil="true"/><ns82:drawerName xsi:nil="true"/><ns82:negativeTolerance xsi:nil="true"/><ns82:ourLCReference xsi:nil="true"/><ns82:positiveTolerance xsi:nil="true"/></ns82:item><ns90:item xmlns:ns90="http://dto.customer.app.fcr.iflex.com"><ns90:accountId>021450000465    </ns90:accountId><ns90:accountTitle>GROUP LOANS SCHEME</ns90:accountTitle><ns90:acyAmount>0.00</ns90:acyAmount><ns90:balanceBook>0.00</ns90:balanceBook><ns90:billAmount>0.00</ns90:billAmount><ns90:branchCode>21</ns90:branchCode><ns90:branchName>ZANZIBAR BRANCH</ns90:branchName><ns90:classification>NORMAL</ns90:classification><ns90:codGroupId xsi:nil="true"/><ns90:ctrLoanTerm xsi:nil="true"/><ns90:currencyCode>100</ns90:currencyCode><ns90:currencyShortName>TZS</ns90:currencyShortName><ns90:currentStatus>6</ns90:currentStatus><ns90:currentStatusDescription>OPENED TODAY</ns90:currentStatusDescription><ns90:customerRelationship>SOW</ns90:customerRelationship><ns90:datBooking xsi:nil="true"/><ns90:datMaturity><ns91:monthDate xmlns:ns91="http://datatype.fcr.iflex.com">205</ns91:monthDate><ns92:monthDateTime xmlns:ns92="http://datatype.fcr.iflex.com">205000000</ns92:monthDateTime><ns93:mutable xmlns:ns93="http://datatype.fcr.iflex.com">false</ns93:mutable><ns94:time xmlns:ns94="http://datatype.fcr.iflex.com">0</ns94:time><ns95:timestamp xmlns:ns95="http://datatype.fcr.iflex.com">2032-02-04T21:00:00.000Z</ns95:timestamp><ns96:year xmlns:ns96="http://datatype.fcr.iflex.com">2032</ns96:year><ns97:yearMonthDate xmlns:ns97="http://datatype.fcr.iflex.com">20320205</ns97:yearMonthDate></ns90:datMaturity><ns90:depositNo>0</ns90:depositNo><ns90:emiAmount>74068.00</ns90:emiAmount><ns90:emiDate xsi:nil="true"/><ns90:externalAccountId xsi:nil="true"/><ns90:flgRepaymentMode xsi:nil="true"/><ns90:futureDatedAmount>0.00</ns90:futureDatedAmount><ns90:hasChequeBookFacility>false</ns90:hasChequeBookFacility><ns90:interestRate>18.0</ns90:interestRate><ns90:lcyAmount>0.00</ns90:lcyAmount><ns90:loanApplicationNumber xsi:nil="true"/><ns90:moduleCode>L</ns90:moduleCode><ns90:netBanking>true</ns90:netBanking><ns90:nextAmt xsi:nil="true"/><ns90:originalBalance>4172014.09</ns90:originalBalance><ns90:originalDepositNo>0</ns90:originalDepositNo><ns90:overdraftLimit>0.0</ns90:overdraftLimit><ns90:pledgeAmount xsi:nil="true"/><ns90:pledgeIndicator xsi:nil="true"/><ns90:princAmt xsi:nil="true"/><ns90:productCode>450</ns90:productCode><ns90:productName>GROUP LOANS SCHEME</ns90:productName><ns90:reason>          </ns90:reason><ns90:safeDepositBoxId>0</ns90:safeDepositBoxId><ns90:tdTenor xsi:nil="true"/><ns90:totalAcyAmount>11725015.41</ns90:totalAcyAmount><ns90:totalLcyAmount>11725015.41</ns90:totalLcyAmount><ns90:unclearFunds>0.00</ns90:unclearFunds><ns90:applicantName xsi:nil="true"/><ns90:beneficiaryName xsi:nil="true"/><ns90:characteristics xsi:nil="true"/><ns90:draweeName xsi:nil="true"/><ns90:drawerName xsi:nil="true"/><ns90:negativeTolerance xsi:nil="true"/><ns90:ourLCReference xsi:nil="true"/><ns90:positiveTolerance xsi:nil="true"/></ns90:item></ns17:detailsforCustomerDTOs><ns98:hasMoreResults xmlns:ns98="http://dto.spi.customer.app.fcr.iflex.com">false</ns98:hasMoreResults><ns99:numberOfRecords xmlns:ns99="http://dto.spi.customer.app.fcr.iflex.com">10</ns99:numberOfRecords></listAccountsOfCustomerReturn></listAccountsOfCustomerResponse></soapenv:Body></soapenv:Envelope>
